# JRE version: Java(TM) SE Runtime Environment (8.0_121-b13) (build 1.8.0_121-b13)
# Java VM: Java HotSpot(TM) 64-Bit Server VM (25.121-b13 mixed mode linux-amd64 compressed oops)
Heap:
 PSYoungGen      total 20992K, used 7430K [0x00000000f0400000, 0x00000000f1f00000, 0x0000000100000000)
  eden space 15360K, 21% used [0x00000000f0400000,0x00000000f0749138,0x00000000f1300000)
  from space 5632K, 72% used [0x00000000f1900000,0x00000000f1cf87c8,0x00000000f1e80000)
  to   space 6144K, 0% used [0x00000000f1300000,0x00000000f1300000,0x00000000f1900000)
 ParOldGen       total 10752K, used 6889K [0x00000000d0c00000, 0x00000000d1680000, 0x00000000f0400000)
  object space 10752K, 64% used [0x00000000d0c00000,0x00000000d12ba658,0x00000000d1680000)
 Metaspace       used 9066K, capacity 9504K, committed 9856K, reserved 1058816K
  class space    used 1027K, capacity 1044K, committed 1152K, reserved 1048576K
GC Heap History (10 events):
Event: 0,542 GC heap before
{Heap before GC invocations=5 (full 0):
 PSYoungGen      total 6656K, used 6624K [0x00000000f0400000, 0x00000000f0b00000, 0x0000000100000000)
  eden space 6144K, 100% used [0x00000000f0400000,0x00000000f0a00000,0x00000000f0a00000)
  from space 512K, 93% used [0x00000000f0a80000,0x00000000f0af8010,0x00000000f0b00000)
  to   space 512K, 0% used [0x00000000f0a00000,0x00000000f0a00000,0x00000000f0a80000)
 ParOldGen       total 5632K, used 899K [0x00000000d0c00000, 0x00000000d1180000, 0x00000000f0400000)
  object space 5632K, 15% used [0x00000000d0c00000,0x00000000d0ce0ca0,0x00000000d1180000)
 Metaspace       used 7258K, capacity 8180K, committed 8320K, reserved 1056768K
  class space    used 867K, capacity 880K, committed 896K, reserved 1048576K
Event: 0,557 GC heap after
Heap after GC invocations=5 (full 0):
 PSYoungGen      total 6656K, used 507K [0x00000000f0400000, 0x00000000f1400000, 0x0000000100000000)
  eden space 6144K, 0% used [0x00000000f0400000,0x00000000f0400000,0x00000000f0a00000)
  from space 512K, 99% used [0x00000000f0a00000,0x00000000f0a7ef18,0x00000000f0a80000)
  to   space 2048K, 0% used [0x00000000f1200000,0x00000000f1200000,0x00000000f1400000)
 ParOldGen       total 5632K, used 2383K [0x00000000d0c00000, 0x00000000d1180000, 0x00000000f0400000)
  object space 5632K, 42% used [0x00000000d0c00000,0x00000000d0e53c90,0x00000000d1180000)
 Metaspace       used 7258K, capacity 8180K, committed 8320K, reserved 1056768K
  class space    used 867K, capacity 880K, committed 896K, reserved 1048576K
}
Event: 0,664 GC heap before
{Heap before GC invocations=6 (full 0):
 PSYoungGen      total 6656K, used 6651K [0x00000000f0400000, 0x00000000f1400000, 0x0000000100000000)
  eden space 6144K, 100% used [0x00000000f0400000,0x00000000f0a00000,0x00000000f0a00000)
  from space 512K, 99% used [0x00000000f0a00000,0x00000000f0a7ef18,0x00000000f0a80000)
  to   space 2048K, 0% used [0x00000000f1200000,0x00000000f1200000,0x00000000f1400000)
 ParOldGen       total 5632K, used 2383K [0x00000000d0c00000, 0x00000000d1180000, 0x00000000f0400000)
  object space 5632K, 42% used [0x00000000d0c00000,0x00000000d0e53c90,0x00000000d1180000)
 Metaspace       used 7426K, capacity 8276K, committed 8448K, reserved 1056768K
  class space    used 879K, capacity 912K, committed 1024K, reserved 1048576K
Event: 0,676 GC heap after
Heap after GC invocations=6 (full 0):
 PSYoungGen      total 12288K, used 2026K [0x00000000f0400000, 0x00000000f1800000, 0x0000000100000000)
  eden space 10240K, 0% used [0x00000000f0400000,0x00000000f0400000,0x00000000f0e00000)
  from space 2048K, 98% used [0x00000000f1200000,0x00000000f13fa878,0x00000000f1400000)
  to   space 4096K, 0% used [0x00000000f0e00000,0x00000000f0e00000,0x00000000f1200000)
 ParOldGen       total 5632K, used 5356K [0x00000000d0c00000, 0x00000000d1180000, 0x00000000f0400000)
  object space 5632K, 95% used [0x00000000d0c00000,0x00000000d113b2e0,0x00000000d1180000)
 Metaspace       used 7426K, capacity 8276K, committed 8448K, reserved 1056768K
  class space    used 879K, capacity 912K, committed 1024K, reserved 1048576K
}
Event: 0,676 GC heap before
{Heap before GC invocations=7 (full 1):
 PSYoungGen      total 12288K, used 2026K [0x00000000f0400000, 0x00000000f1800000, 0x0000000100000000)
  eden space 10240K, 0% used [0x00000000f0400000,0x00000000f0400000,0x00000000f0e00000)
  from space 2048K, 98% used [0x00000000f1200000,0x00000000f13fa878,0x00000000f1400000)
  to   space 4096K, 0% used [0x00000000f0e00000,0x00000000f0e00000,0x00000000f1200000)
 ParOldGen       total 5632K, used 5356K [0x00000000d0c00000, 0x00000000d1180000, 0x00000000f0400000)
  object space 5632K, 95% used [0x00000000d0c00000,0x00000000d113b2e0,0x00000000d1180000)
 Metaspace       used 7426K, capacity 8276K, committed 8448K, reserved 1056768K
  class space    used 879K, capacity 912K, committed 1024K, reserved 1048576K
Event: 0,715 GC heap after
Heap after GC invocations=7 (full 1):
 PSYoungGen      total 12288K, used 1993K [0x00000000f0400000, 0x00000000f1800000, 0x0000000100000000)
  eden space 10240K, 0% used [0x00000000f0400000,0x00000000f0400000,0x00000000f0e00000)
  from space 2048K, 97% used [0x00000000f1200000,0x00000000f13f27d8,0x00000000f1400000)
  to   space 4096K, 0% used [0x00000000f0e00000,0x00000000f0e00000,0x00000000f1200000)
 ParOldGen       total 10752K, used 5234K [0x00000000d0c00000, 0x00000000d1680000, 0x00000000f0400000)
  object space 10752K, 48% used [0x00000000d0c00000,0x00000000d111c910,0x00000000d1680000)
 Metaspace       used 7426K, capacity 8276K, committed 8448K, reserved 1056768K
  class space    used 879K, capacity 912K, committed 1024K, reserved 1048576K
}
Event: 0,993 GC heap before
{Heap before GC invocations=8 (full 1):
 PSYoungGen      total 12288K, used 12233K [0x00000000f0400000, 0x00000000f1800000, 0x0000000100000000)
  eden space 10240K, 100% used [0x00000000f0400000,0x00000000f0e00000,0x00000000f0e00000)
  from space 2048K, 97% used [0x00000000f1200000,0x00000000f13f27d8,0x00000000f1400000)
  to   space 4096K, 0% used [0x00000000f0e00000,0x00000000f0e00000,0x00000000f1200000)
 ParOldGen       total 10752K, used 5234K [0x00000000d0c00000, 0x00000000d1680000, 0x00000000f0400000)
  object space 10752K, 48% used [0x00000000d0c00000,0x00000000d111c910,0x00000000d1680000)
 Metaspace       used 7914K, capacity 8692K, committed 8960K, reserved 1056768K
  class space    used 911K, capacity 944K, committed 1024K, reserved 1048576K
Event: 1,013 GC heap after
Heap after GC invocations=8 (full 1):
 PSYoungGen      total 14336K, used 4081K [0x00000000f0400000, 0x00000000f1e80000, 0x0000000100000000)
  eden space 10240K, 0% used [0x00000000f0400000,0x00000000f0400000,0x00000000f0e00000)
  from space 4096K, 99% used [0x00000000f0e00000,0x00000000f11fc7c8,0x00000000f1200000)
  to   space 5632K, 0% used [0x00000000f1900000,0x00000000f1900000,0x00000000f1e80000)
 ParOldGen       total 10752K, used 6532K [0x00000000d0c00000, 0x00000000d1680000, 0x00000000f0400000)
  object space 10752K, 60% used [0x00000000d0c00000,0x00000000d1261148,0x00000000d1680000)
 Metaspace       used 7914K, capacity 8692K, committed 8960K, reserved 1056768K
  class space    used 911K, capacity 944K, committed 1024K, reserved 1048576K
}
Event: 1,388 GC heap before
{Heap before GC invocations=9 (full 1):
 PSYoungGen      total 14336K, used 14321K [0x00000000f0400000, 0x00000000f1e80000, 0x0000000100000000)
  eden space 10240K, 100% used [0x00000000f0400000,0x00000000f0e00000,0x00000000f0e00000)
  from space 4096K, 99% used [0x00000000f0e00000,0x00000000f11fc7c8,0x00000000f1200000)
  to   space 5632K, 0% used [0x00000000f1900000,0x00000000f1900000,0x00000000f1e80000)
 ParOldGen       total 10752K, used 6532K [0x00000000d0c00000, 0x00000000d1680000, 0x00000000f0400000)
  object space 10752K, 60% used [0x00000000d0c00000,0x00000000d1261148,0x00000000d1680000)
 Metaspace       used 8820K, capacity 9280K, committed 9472K, reserved 1058816K
  class space    used 995K, capacity 1012K, committed 1024K, reserved 1048576K
Event: 1,403 GC heap after
Heap after GC invocations=9 (full 1):
 PSYoungGen      total 20992K, used 4065K [0x00000000f0400000, 0x00000000f1f00000, 0x0000000100000000)
  eden space 15360K, 0% used [0x00000000f0400000,0x00000000f0400000,0x00000000f1300000)
  from space 5632K, 72% used [0x00000000f1900000,0x00000000f1cf87c8,0x00000000f1e80000)
  to   space 6144K, 0% used [0x00000000f1300000,0x00000000f1300000,0x00000000f1900000)
 ParOldGen       total 10752K, used 6889K [0x00000000d0c00000, 0x00000000d1680000, 0x00000000f0400000)
  object space 10752K, 64% used [0x00000000d0c00000,0x00000000d12ba658,0x00000000d1680000)
 Metaspace       used 8820K, capacity 9280K, committed 9472K, reserved 1058816K
  class space    used 995K, capacity 1012K, committed 1024K, reserved 1048576K
}

