# JRE version: Java(TM) SE Runtime Environment (8.0_121-b13) (build 1.8.0_121-b13)
# Java VM: Java HotSpot(TM) 64-Bit Server VM (25.121-b13 mixed mode linux-amd64 compressed oops)
Heap:
 PSYoungGen      total 14336K, used 9796K [0x00000000f0400000, 0x00000000f1b80000, 0x0000000100000000)
  eden space 10240K, 55% used [0x00000000f0400000,0x00000000f0998180,0x00000000f0e00000)
  from space 4096K, 99% used [0x00000000f0e00000,0x00000000f11f9128,0x00000000f1200000)
  to   space 5120K, 0% used [0x00000000f1680000,0x00000000f1680000,0x00000000f1b80000)
 ParOldGen       total 9728K, used 5118K [0x00000000d0c00000, 0x00000000d1580000, 0x00000000f0400000)
  object space 9728K, 52% used [0x00000000d0c00000,0x00000000d10ffb58,0x00000000d1580000)
 Metaspace       used 9012K, capacity 9600K, committed 9856K, reserved 1058816K
  class space    used 1033K, capacity 1076K, committed 1152K, reserved 1048576K
GC Heap History (10 events):
Event: 0,297 GC heap before
{Heap before GC invocations=4 (full 0):
 PSYoungGen      total 3584K, used 3552K [0x00000000f0400000, 0x00000000f0b00000, 0x0000000100000000)
  eden space 3072K, 100% used [0x00000000f0400000,0x00000000f0700000,0x00000000f0700000)
  from space 512K, 93% used [0x00000000f0700000,0x00000000f0778030,0x00000000f0780000)
  to   space 512K, 0% used [0x00000000f0a80000,0x00000000f0a80000,0x00000000f0b00000)
 ParOldGen       total 5632K, used 512K [0x00000000d0c00000, 0x00000000d1180000, 0x00000000f0400000)
  object space 5632K, 9% used [0x00000000d0c00000,0x00000000d0c80040,0x00000000d1180000)
 Metaspace       used 6225K, capacity 7404K, committed 7552K, reserved 1056768K
  class space    used 780K, capacity 808K, committed 896K, reserved 1048576K
Event: 0,300 GC heap after
Heap after GC invocations=4 (full 0):
 PSYoungGen      total 6656K, used 480K [0x00000000f0400000, 0x00000000f0b00000, 0x0000000100000000)
  eden space 6144K, 0% used [0x00000000f0400000,0x00000000f0400000,0x00000000f0a00000)
  from space 512K, 93% used [0x00000000f0a80000,0x00000000f0af8010,0x00000000f0b00000)
  to   space 512K, 0% used [0x00000000f0a00000,0x00000000f0a00000,0x00000000f0a80000)
 ParOldGen       total 5632K, used 881K [0x00000000d0c00000, 0x00000000d1180000, 0x00000000f0400000)
  object space 5632K, 15% used [0x00000000d0c00000,0x00000000d0cdc458,0x00000000d1180000)
 Metaspace       used 6225K, capacity 7404K, committed 7552K, reserved 1056768K
  class space    used 780K, capacity 808K, committed 896K, reserved 1048576K
}
Event: 0,480 GC heap before
{Heap before GC invocations=5 (full 0):
 PSYoungGen      total 6656K, used 6624K [0x00000000f0400000, 0x00000000f0b00000, 0x0000000100000000)
  eden space 6144K, 100% used [0x00000000f0400000,0x00000000f0a00000,0x00000000f0a00000)
  from space 512K, 93% used [0x00000000f0a80000,0x00000000f0af8010,0x00000000f0b00000)
  to   space 512K, 0% used [0x00000000f0a00000,0x00000000f0a00000,0x00000000f0a80000)
 ParOldGen       total 5632K, used 881K [0x00000000d0c00000, 0x00000000d1180000, 0x00000000f0400000)
  object space 5632K, 15% used [0x00000000d0c00000,0x00000000d0cdc458,0x00000000d1180000)
 Metaspace       used 7376K, capacity 8308K, committed 8448K, reserved 1056768K
  class space    used 890K, capacity 944K, committed 1024K, reserved 1048576K
Event: 0,496 GC heap after
Heap after GC invocations=5 (full 0):
 PSYoungGen      total 6656K, used 512K [0x00000000f0400000, 0x00000000f1600000, 0x0000000100000000)
  eden space 6144K, 0% used [0x00000000f0400000,0x00000000f0400000,0x00000000f0a00000)
  from space 512K, 100% used [0x00000000f0a00000,0x00000000f0a80000,0x00000000f0a80000)
  to   space 3072K, 0% used [0x00000000f1300000,0x00000000f1300000,0x00000000f1600000)
 ParOldGen       total 5632K, used 3891K [0x00000000d0c00000, 0x00000000d1180000, 0x00000000f0400000)
  object space 5632K, 69% used [0x00000000d0c00000,0x00000000d0fccff0,0x00000000d1180000)
 Metaspace       used 7376K, capacity 8308K, committed 8448K, reserved 1056768K
  class space    used 890K, capacity 944K, committed 1024K, reserved 1048576K
}
Event: 0,496 GC heap before
{Heap before GC invocations=6 (full 1):
 PSYoungGen      total 6656K, used 512K [0x00000000f0400000, 0x00000000f1600000, 0x0000000100000000)
  eden space 6144K, 0% used [0x00000000f0400000,0x00000000f0400000,0x00000000f0a00000)
  from space 512K, 100% used [0x00000000f0a00000,0x00000000f0a80000,0x00000000f0a80000)
  to   space 3072K, 0% used [0x00000000f1300000,0x00000000f1300000,0x00000000f1600000)
 ParOldGen       total 5632K, used 3891K [0x00000000d0c00000, 0x00000000d1180000, 0x00000000f0400000)
  object space 5632K, 69% used [0x00000000d0c00000,0x00000000d0fccff0,0x00000000d1180000)
 Metaspace       used 7376K, capacity 8308K, committed 8448K, reserved 1056768K
  class space    used 890K, capacity 944K, committed 1024K, reserved 1048576K
Event: 0,530 GC heap after
Heap after GC invocations=6 (full 1):
 PSYoungGen      total 6656K, used 0K [0x00000000f0400000, 0x00000000f1600000, 0x0000000100000000)
  eden space 6144K, 0% used [0x00000000f0400000,0x00000000f0400000,0x00000000f0a00000)
  from space 512K, 0% used [0x00000000f0a00000,0x00000000f0a00000,0x00000000f0a80000)
  to   space 3072K, 0% used [0x00000000f1300000,0x00000000f1300000,0x00000000f1600000)
 ParOldGen       total 9728K, used 4308K [0x00000000d0c00000, 0x00000000d1580000, 0x00000000f0400000)
  object space 9728K, 44% used [0x00000000d0c00000,0x00000000d1035108,0x00000000d1580000)
 Metaspace       used 7376K, capacity 8308K, committed 8448K, reserved 1056768K
  class space    used 890K, capacity 944K, committed 1024K, reserved 1048576K
}
Event: 0,582 GC heap before
{Heap before GC invocations=7 (full 1):
 PSYoungGen      total 6656K, used 6144K [0x00000000f0400000, 0x00000000f1600000, 0x0000000100000000)
  eden space 6144K, 100% used [0x00000000f0400000,0x00000000f0a00000,0x00000000f0a00000)
  from space 512K, 0% used [0x00000000f0a00000,0x00000000f0a00000,0x00000000f0a80000)
  to   space 3072K, 0% used [0x00000000f1300000,0x00000000f1300000,0x00000000f1600000)
 ParOldGen       total 9728K, used 4308K [0x00000000d0c00000, 0x00000000d1580000, 0x00000000f0400000)
  object space 9728K, 44% used [0x00000000d0c00000,0x00000000d1035108,0x00000000d1580000)
 Metaspace       used 7441K, capacity 8308K, committed 8448K, reserved 1056768K
  class space    used 894K, capacity 944K, committed 1024K, reserved 1048576K
Event: 0,590 GC heap after
Heap after GC invocations=7 (full 1):
 PSYoungGen      total 12288K, used 3051K [0x00000000f0400000, 0x00000000f1600000, 0x0000000100000000)
  eden space 9216K, 0% used [0x00000000f0400000,0x00000000f0400000,0x00000000f0d00000)
  from space 3072K, 99% used [0x00000000f1300000,0x00000000f15fac58,0x00000000f1600000)
  to   space 4096K, 0% used [0x00000000f0e00000,0x00000000f0e00000,0x00000000f1200000)
 ParOldGen       total 9728K, used 5068K [0x00000000d0c00000, 0x00000000d1580000, 0x00000000f0400000)
  object space 9728K, 52% used [0x00000000d0c00000,0x00000000d10f3108,0x00000000d1580000)
 Metaspace       used 7441K, capacity 8308K, committed 8448K, reserved 1056768K
  class space    used 894K, capacity 944K, committed 1024K, reserved 1048576K
}
Event: 0,932 GC heap before
{Heap before GC invocations=8 (full 1):
 PSYoungGen      total 12288K, used 12267K [0x00000000f0400000, 0x00000000f1600000, 0x0000000100000000)
  eden space 9216K, 100% used [0x00000000f0400000,0x00000000f0d00000,0x00000000f0d00000)
  from space 3072K, 99% used [0x00000000f1300000,0x00000000f15fac58,0x00000000f1600000)
  to   space 4096K, 0% used [0x00000000f0e00000,0x00000000f0e00000,0x00000000f1200000)
 ParOldGen       total 9728K, used 5068K [0x00000000d0c00000, 0x00000000d1580000, 0x00000000f0400000)
  object space 9728K, 52% used [0x00000000d0c00000,0x00000000d10f3108,0x00000000d1580000)
 Metaspace       used 8821K, capacity 9408K, committed 9600K, reserved 1058816K
  class space    used 1031K, capacity 1076K, committed 1152K, reserved 1048576K
Event: 0,957 GC heap after
Heap after GC invocations=8 (full 1):
 PSYoungGen      total 14336K, used 4068K [0x00000000f0400000, 0x00000000f1b80000, 0x0000000100000000)
  eden space 10240K, 0% used [0x00000000f0400000,0x00000000f0400000,0x00000000f0e00000)
  from space 4096K, 99% used [0x00000000f0e00000,0x00000000f11f9128,0x00000000f1200000)
  to   space 5120K, 0% used [0x00000000f1680000,0x00000000f1680000,0x00000000f1b80000)
 ParOldGen       total 9728K, used 5118K [0x00000000d0c00000, 0x00000000d1580000, 0x00000000f0400000)
  object space 9728K, 52% used [0x00000000d0c00000,0x00000000d10ffb58,0x00000000d1580000)
 Metaspace       used 8821K, capacity 9408K, committed 9600K, reserved 1058816K
  class space    used 1031K, capacity 1076K, committed 1152K, reserved 1048576K
}

