# JRE version: Java(TM) SE Runtime Environment (8.0_121-b13) (build 1.8.0_121-b13)
# Java VM: Java HotSpot(TM) 64-Bit Server VM (25.121-b13 mixed mode linux-amd64 compressed oops)
Heap:
 PSYoungGen      total 14336K, used 13071K [0x00000000f0400000, 0x00000000f1c80000, 0x0000000100000000)
  eden space 10240K, 87% used [0x00000000f0400000,0x00000000f0cc91c0,0x00000000f0e00000)
  from space 4096K, 99% used [0x00000000f0e00000,0x00000000f11fac58,0x00000000f1200000)
  to   space 5120K, 0% used [0x00000000f1780000,0x00000000f1780000,0x00000000f1c80000)
 ParOldGen       total 9728K, used 5139K [0x00000000d0c00000, 0x00000000d1580000, 0x00000000f0400000)
  object space 9728K, 52% used [0x00000000d0c00000,0x00000000d1104e60,0x00000000d1580000)
 Metaspace       used 9138K, capacity 9728K, committed 9856K, reserved 1058816K
  class space    used 1032K, capacity 1076K, committed 1152K, reserved 1048576K
GC Heap History (10 events):
Event: 0,282 GC heap before
{Heap before GC invocations=4 (full 0):
 PSYoungGen      total 3584K, used 3552K [0x00000000f0400000, 0x00000000f0b00000, 0x0000000100000000)
  eden space 3072K, 100% used [0x00000000f0400000,0x00000000f0700000,0x00000000f0700000)
  from space 512K, 93% used [0x00000000f0700000,0x00000000f0778020,0x00000000f0780000)
  to   space 512K, 0% used [0x00000000f0a80000,0x00000000f0a80000,0x00000000f0b00000)
 ParOldGen       total 5632K, used 512K [0x00000000d0c00000, 0x00000000d1180000, 0x00000000f0400000)
  object space 5632K, 9% used [0x00000000d0c00000,0x00000000d0c80348,0x00000000d1180000)
 Metaspace       used 6226K, capacity 7404K, committed 7552K, reserved 1056768K
  class space    used 780K, capacity 808K, committed 896K, reserved 1048576K
Event: 0,284 GC heap after
Heap after GC invocations=4 (full 0):
 PSYoungGen      total 6656K, used 496K [0x00000000f0400000, 0x00000000f0b00000, 0x0000000100000000)
  eden space 6144K, 0% used [0x00000000f0400000,0x00000000f0400000,0x00000000f0a00000)
  from space 512K, 96% used [0x00000000f0a80000,0x00000000f0afc030,0x00000000f0b00000)
  to   space 512K, 0% used [0x00000000f0a00000,0x00000000f0a00000,0x00000000f0a80000)
 ParOldGen       total 5632K, used 861K [0x00000000d0c00000, 0x00000000d1180000, 0x00000000f0400000)
  object space 5632K, 15% used [0x00000000d0c00000,0x00000000d0cd7458,0x00000000d1180000)
 Metaspace       used 6226K, capacity 7404K, committed 7552K, reserved 1056768K
  class space    used 780K, capacity 808K, committed 896K, reserved 1048576K
}
Event: 0,492 GC heap before
{Heap before GC invocations=5 (full 0):
 PSYoungGen      total 6656K, used 6640K [0x00000000f0400000, 0x00000000f0b00000, 0x0000000100000000)
  eden space 6144K, 100% used [0x00000000f0400000,0x00000000f0a00000,0x00000000f0a00000)
  from space 512K, 96% used [0x00000000f0a80000,0x00000000f0afc030,0x00000000f0b00000)
  to   space 512K, 0% used [0x00000000f0a00000,0x00000000f0a00000,0x00000000f0a80000)
 ParOldGen       total 5632K, used 861K [0x00000000d0c00000, 0x00000000d1180000, 0x00000000f0400000)
  object space 5632K, 15% used [0x00000000d0c00000,0x00000000d0cd7458,0x00000000d1180000)
 Metaspace       used 7396K, capacity 8308K, committed 8448K, reserved 1056768K
  class space    used 888K, capacity 944K, committed 1024K, reserved 1048576K
Event: 0,502 GC heap after
Heap after GC invocations=5 (full 0):
 PSYoungGen      total 6656K, used 496K [0x00000000f0400000, 0x00000000f1600000, 0x0000000100000000)
  eden space 6144K, 0% used [0x00000000f0400000,0x00000000f0400000,0x00000000f0a00000)
  from space 512K, 96% used [0x00000000f0a00000,0x00000000f0a7c010,0x00000000f0a80000)
  to   space 3072K, 0% used [0x00000000f1300000,0x00000000f1300000,0x00000000f1600000)
 ParOldGen       total 5632K, used 3929K [0x00000000d0c00000, 0x00000000d1180000, 0x00000000f0400000)
  object space 5632K, 69% used [0x00000000d0c00000,0x00000000d0fd6490,0x00000000d1180000)
 Metaspace       used 7396K, capacity 8308K, committed 8448K, reserved 1056768K
  class space    used 888K, capacity 944K, committed 1024K, reserved 1048576K
}
Event: 0,502 GC heap before
{Heap before GC invocations=6 (full 1):
 PSYoungGen      total 6656K, used 496K [0x00000000f0400000, 0x00000000f1600000, 0x0000000100000000)
  eden space 6144K, 0% used [0x00000000f0400000,0x00000000f0400000,0x00000000f0a00000)
  from space 512K, 96% used [0x00000000f0a00000,0x00000000f0a7c010,0x00000000f0a80000)
  to   space 3072K, 0% used [0x00000000f1300000,0x00000000f1300000,0x00000000f1600000)
 ParOldGen       total 5632K, used 3929K [0x00000000d0c00000, 0x00000000d1180000, 0x00000000f0400000)
  object space 5632K, 69% used [0x00000000d0c00000,0x00000000d0fd6490,0x00000000d1180000)
 Metaspace       used 7396K, capacity 8308K, committed 8448K, reserved 1056768K
  class space    used 888K, capacity 944K, committed 1024K, reserved 1048576K
Event: 0,524 GC heap after
Heap after GC invocations=6 (full 1):
 PSYoungGen      total 6656K, used 0K [0x00000000f0400000, 0x00000000f1600000, 0x0000000100000000)
  eden space 6144K, 0% used [0x00000000f0400000,0x00000000f0400000,0x00000000f0a00000)
  from space 512K, 0% used [0x00000000f0a00000,0x00000000f0a00000,0x00000000f0a80000)
  to   space 3072K, 0% used [0x00000000f1300000,0x00000000f1300000,0x00000000f1600000)
 ParOldGen       total 9728K, used 4337K [0x00000000d0c00000, 0x00000000d1580000, 0x00000000f0400000)
  object space 9728K, 44% used [0x00000000d0c00000,0x00000000d103c410,0x00000000d1580000)
 Metaspace       used 7396K, capacity 8308K, committed 8448K, reserved 1056768K
  class space    used 888K, capacity 944K, committed 1024K, reserved 1048576K
}
Event: 0,622 GC heap before
{Heap before GC invocations=7 (full 1):
 PSYoungGen      total 6656K, used 6144K [0x00000000f0400000, 0x00000000f1600000, 0x0000000100000000)
  eden space 6144K, 100% used [0x00000000f0400000,0x00000000f0a00000,0x00000000f0a00000)
  from space 512K, 0% used [0x00000000f0a00000,0x00000000f0a00000,0x00000000f0a80000)
  to   space 3072K, 0% used [0x00000000f1300000,0x00000000f1300000,0x00000000f1600000)
 ParOldGen       total 9728K, used 4337K [0x00000000d0c00000, 0x00000000d1580000, 0x00000000f0400000)
  object space 9728K, 44% used [0x00000000d0c00000,0x00000000d103c410,0x00000000d1580000)
 Metaspace       used 7461K, capacity 8308K, committed 8448K, reserved 1056768K
  class space    used 892K, capacity 944K, committed 1024K, reserved 1048576K
Event: 0,632 GC heap after
Heap after GC invocations=7 (full 1):
 PSYoungGen      total 12800K, used 3044K [0x00000000f0400000, 0x00000000f1600000, 0x0000000100000000)
  eden space 9728K, 0% used [0x00000000f0400000,0x00000000f0400000,0x00000000f0d80000)
  from space 3072K, 99% used [0x00000000f1300000,0x00000000f15f9128,0x00000000f1600000)
  to   space 4096K, 0% used [0x00000000f0e00000,0x00000000f0e00000,0x00000000f1200000)
 ParOldGen       total 9728K, used 5097K [0x00000000d0c00000, 0x00000000d1580000, 0x00000000f0400000)
  object space 9728K, 52% used [0x00000000d0c00000,0x00000000d10fa410,0x00000000d1580000)
 Metaspace       used 7461K, capacity 8308K, committed 8448K, reserved 1056768K
  class space    used 892K, capacity 944K, committed 1024K, reserved 1048576K
}
Event: 1,061 GC heap before
{Heap before GC invocations=8 (full 1):
 PSYoungGen      total 12800K, used 12772K [0x00000000f0400000, 0x00000000f1600000, 0x0000000100000000)
  eden space 9728K, 100% used [0x00000000f0400000,0x00000000f0d80000,0x00000000f0d80000)
  from space 3072K, 99% used [0x00000000f1300000,0x00000000f15f9128,0x00000000f1600000)
  to   space 4096K, 0% used [0x00000000f0e00000,0x00000000f0e00000,0x00000000f1200000)
 ParOldGen       total 9728K, used 5097K [0x00000000d0c00000, 0x00000000d1580000, 0x00000000f0400000)
  object space 9728K, 52% used [0x00000000d0c00000,0x00000000d10fa410,0x00000000d1580000)
 Metaspace       used 8882K, capacity 9472K, committed 9600K, reserved 1058816K
  class space    used 1030K, capacity 1076K, committed 1152K, reserved 1048576K
Event: 1,071 GC heap after
Heap after GC invocations=8 (full 1):
 PSYoungGen      total 14336K, used 4075K [0x00000000f0400000, 0x00000000f1c80000, 0x0000000100000000)
  eden space 10240K, 0% used [0x00000000f0400000,0x00000000f0400000,0x00000000f0e00000)
  from space 4096K, 99% used [0x00000000f0e00000,0x00000000f11fac58,0x00000000f1200000)
  to   space 5120K, 0% used [0x00000000f1780000,0x00000000f1780000,0x00000000f1c80000)
 ParOldGen       total 9728K, used 5139K [0x00000000d0c00000, 0x00000000d1580000, 0x00000000f0400000)
  object space 9728K, 52% used [0x00000000d0c00000,0x00000000d1104e60,0x00000000d1580000)
 Metaspace       used 8882K, capacity 9472K, committed 9600K, reserved 1058816K
  class space    used 1030K, capacity 1076K, committed 1152K, reserved 1048576K
}

