# JRE version: Java(TM) SE Runtime Environment (8.0_121-b13) (build 1.8.0_121-b13)
# Java VM: Java HotSpot(TM) 64-Bit Server VM (25.121-b13 mixed mode linux-amd64 compressed oops)
Heap:
 PSYoungGen      total 18944K, used 17041K [0x00000000f0400000, 0x00000000f2180000, 0x0000000100000000)
  eden space 15360K, 87% used [0x00000000f0400000,0x00000000f112ffa0,0x00000000f1300000)
  from space 3584K, 98% used [0x00000000f1e00000,0x00000000f21747b8,0x00000000f2180000)
  to   space 5120K, 0% used [0x00000000f1780000,0x00000000f1780000,0x00000000f1c80000)
 ParOldGen       total 10240K, used 5429K [0x00000000d0c00000, 0x00000000d1600000, 0x00000000f0400000)
  object space 10240K, 53% used [0x00000000d0c00000,0x00000000d114d720,0x00000000d1600000)
 Metaspace       used 9806K, capacity 10272K, committed 10368K, reserved 1058816K
  class space    used 1070K, capacity 1108K, committed 1152K, reserved 1048576K
GC Heap History (10 events):
Event: 0,494 GC heap before
{Heap before GC invocations=5 (full 0):
 PSYoungGen      total 6656K, used 6624K [0x00000000f0400000, 0x00000000f0b00000, 0x0000000100000000)
  eden space 6144K, 100% used [0x00000000f0400000,0x00000000f0a00000,0x00000000f0a00000)
  from space 512K, 93% used [0x00000000f0a80000,0x00000000f0af8020,0x00000000f0b00000)
  to   space 512K, 0% used [0x00000000f0a00000,0x00000000f0a00000,0x00000000f0a80000)
 ParOldGen       total 5632K, used 885K [0x00000000d0c00000, 0x00000000d1180000, 0x00000000f0400000)
  object space 5632K, 15% used [0x00000000d0c00000,0x00000000d0cdd550,0x00000000d1180000)
 Metaspace       used 7298K, capacity 8276K, committed 8448K, reserved 1056768K
  class space    used 877K, capacity 912K, committed 1024K, reserved 1048576K
Event: 0,516 GC heap after
Heap after GC invocations=5 (full 0):
 PSYoungGen      total 6656K, used 512K [0x00000000f0400000, 0x00000000f1400000, 0x0000000100000000)
  eden space 6144K, 0% used [0x00000000f0400000,0x00000000f0400000,0x00000000f0a00000)
  from space 512K, 100% used [0x00000000f0a00000,0x00000000f0a80000,0x00000000f0a80000)
  to   space 2048K, 0% used [0x00000000f1200000,0x00000000f1200000,0x00000000f1400000)
 ParOldGen       total 5632K, used 2430K [0x00000000d0c00000, 0x00000000d1180000, 0x00000000f0400000)
  object space 5632K, 43% used [0x00000000d0c00000,0x00000000d0e5f8c8,0x00000000d1180000)
 Metaspace       used 7298K, capacity 8276K, committed 8448K, reserved 1056768K
  class space    used 877K, capacity 912K, committed 1024K, reserved 1048576K
}
Event: 0,658 GC heap before
{Heap before GC invocations=6 (full 0):
 PSYoungGen      total 6656K, used 6656K [0x00000000f0400000, 0x00000000f1400000, 0x0000000100000000)
  eden space 6144K, 100% used [0x00000000f0400000,0x00000000f0a00000,0x00000000f0a00000)
  from space 512K, 100% used [0x00000000f0a00000,0x00000000f0a80000,0x00000000f0a80000)
  to   space 2048K, 0% used [0x00000000f1200000,0x00000000f1200000,0x00000000f1400000)
 ParOldGen       total 5632K, used 2430K [0x00000000d0c00000, 0x00000000d1180000, 0x00000000f0400000)
  object space 5632K, 43% used [0x00000000d0c00000,0x00000000d0e5f8c8,0x00000000d1180000)
 Metaspace       used 7496K, capacity 8372K, committed 8704K, reserved 1056768K
  class space    used 890K, capacity 944K, committed 1024K, reserved 1048576K
Event: 0,667 GC heap after
Heap after GC invocations=6 (full 0):
 PSYoungGen      total 12800K, used 2040K [0x00000000f0400000, 0x00000000f1700000, 0x0000000100000000)
  eden space 10752K, 0% used [0x00000000f0400000,0x00000000f0400000,0x00000000f0e80000)
  from space 2048K, 99% used [0x00000000f1200000,0x00000000f13fe2e8,0x00000000f1400000)
  to   space 3584K, 0% used [0x00000000f0e80000,0x00000000f0e80000,0x00000000f1200000)
 ParOldGen       total 5632K, used 3824K [0x00000000d0c00000, 0x00000000d1180000, 0x00000000f0400000)
  object space 5632K, 67% used [0x00000000d0c00000,0x00000000d0fbc168,0x00000000d1180000)
 Metaspace       used 7496K, capacity 8372K, committed 8704K, reserved 1056768K
  class space    used 890K, capacity 944K, committed 1024K, reserved 1048576K
}
Event: 0,945 GC heap before
{Heap before GC invocations=7 (full 0):
 PSYoungGen      total 12800K, used 12792K [0x00000000f0400000, 0x00000000f1700000, 0x0000000100000000)
  eden space 10752K, 100% used [0x00000000f0400000,0x00000000f0e80000,0x00000000f0e80000)
  from space 2048K, 99% used [0x00000000f1200000,0x00000000f13fe2e8,0x00000000f1400000)
  to   space 3584K, 0% used [0x00000000f0e80000,0x00000000f0e80000,0x00000000f1200000)
 ParOldGen       total 5632K, used 3824K [0x00000000d0c00000, 0x00000000d1180000, 0x00000000f0400000)
  object space 5632K, 67% used [0x00000000d0c00000,0x00000000d0fbc168,0x00000000d1180000)
 Metaspace       used 8552K, capacity 9152K, committed 9216K, reserved 1056768K
  class space    used 988K, capacity 1012K, committed 1024K, reserved 1048576K
Event: 0,963 GC heap after
Heap after GC invocations=7 (full 0):
 PSYoungGen      total 14336K, used 3553K [0x00000000f0400000, 0x00000000f2300000, 0x0000000100000000)
  eden space 10752K, 0% used [0x00000000f0400000,0x00000000f0400000,0x00000000f0e80000)
  from space 3584K, 99% used [0x00000000f0e80000,0x00000000f11f87c8,0x00000000f1200000)
  to   space 5120K, 0% used [0x00000000f1e00000,0x00000000f1e00000,0x00000000f2300000)
 ParOldGen       total 5632K, used 5303K [0x00000000d0c00000, 0x00000000d1180000, 0x00000000f0400000)
  object space 5632K, 94% used [0x00000000d0c00000,0x00000000d112df30,0x00000000d1180000)
 Metaspace       used 8552K, capacity 9152K, committed 9216K, reserved 1056768K
  class space    used 988K, capacity 1012K, committed 1024K, reserved 1048576K
}
Event: 0,963 GC heap before
{Heap before GC invocations=8 (full 1):
 PSYoungGen      total 14336K, used 3553K [0x00000000f0400000, 0x00000000f2300000, 0x0000000100000000)
  eden space 10752K, 0% used [0x00000000f0400000,0x00000000f0400000,0x00000000f0e80000)
  from space 3584K, 99% used [0x00000000f0e80000,0x00000000f11f87c8,0x00000000f1200000)
  to   space 5120K, 0% used [0x00000000f1e00000,0x00000000f1e00000,0x00000000f2300000)
 ParOldGen       total 5632K, used 5303K [0x00000000d0c00000, 0x00000000d1180000, 0x00000000f0400000)
  object space 5632K, 94% used [0x00000000d0c00000,0x00000000d112df30,0x00000000d1180000)
 Metaspace       used 8552K, capacity 9152K, committed 9216K, reserved 1056768K
  class space    used 988K, capacity 1012K, committed 1024K, reserved 1048576K
Event: 1,040 GC heap after
Heap after GC invocations=8 (full 1):
 PSYoungGen      total 14336K, used 3038K [0x00000000f0400000, 0x00000000f2300000, 0x0000000100000000)
  eden space 10752K, 0% used [0x00000000f0400000,0x00000000f0400000,0x00000000f0e80000)
  from space 3584K, 84% used [0x00000000f0e80000,0x00000000f1177948,0x00000000f1200000)
  to   space 5120K, 0% used [0x00000000f1e00000,0x00000000f1e00000,0x00000000f2300000)
 ParOldGen       total 10240K, used 5413K [0x00000000d0c00000, 0x00000000d1600000, 0x00000000f0400000)
  object space 10240K, 52% used [0x00000000d0c00000,0x00000000d1149720,0x00000000d1600000)
 Metaspace       used 8552K, capacity 9152K, committed 9216K, reserved 1056768K
  class space    used 988K, capacity 1012K, committed 1024K, reserved 1048576K
}
Event: 1,571 GC heap before
{Heap before GC invocations=9 (full 1):
 PSYoungGen      total 14336K, used 13790K [0x00000000f0400000, 0x00000000f2300000, 0x0000000100000000)
  eden space 10752K, 100% used [0x00000000f0400000,0x00000000f0e80000,0x00000000f0e80000)
  from space 3584K, 84% used [0x00000000f0e80000,0x00000000f1177948,0x00000000f1200000)
  to   space 5120K, 0% used [0x00000000f1e00000,0x00000000f1e00000,0x00000000f2300000)
 ParOldGen       total 10240K, used 5413K [0x00000000d0c00000, 0x00000000d1600000, 0x00000000f0400000)
  object space 10240K, 52% used [0x00000000d0c00000,0x00000000d1149720,0x00000000d1600000)
 Metaspace       used 9389K, capacity 9920K, committed 10112K, reserved 1058816K
  class space    used 1039K, capacity 1076K, committed 1152K, reserved 1048576K
Event: 1,584 GC heap after
Heap after GC invocations=9 (full 1):
 PSYoungGen      total 18944K, used 3537K [0x00000000f0400000, 0x00000000f2180000, 0x0000000100000000)
  eden space 15360K, 0% used [0x00000000f0400000,0x00000000f0400000,0x00000000f1300000)
  from space 3584K, 98% used [0x00000000f1e00000,0x00000000f21747b8,0x00000000f2180000)
  to   space 5120K, 0% used [0x00000000f1780000,0x00000000f1780000,0x00000000f1c80000)
 ParOldGen       total 10240K, used 5429K [0x00000000d0c00000, 0x00000000d1600000, 0x00000000f0400000)
  object space 10240K, 53% used [0x00000000d0c00000,0x00000000d114d720,0x00000000d1600000)
 Metaspace       used 9389K, capacity 9920K, committed 10112K, reserved 1058816K
  class space    used 1039K, capacity 1076K, committed 1152K, reserved 1048576K
}

