# JRE version: Java(TM) SE Runtime Environment (8.0_121-b13) (build 1.8.0_121-b13)
# Java VM: Java HotSpot(TM) 64-Bit Server VM (25.121-b13 mixed mode linux-amd64 compressed oops)
Heap:
 PSYoungGen      total 26624K, used 15480K [0x00000000f0400000, 0x00000000f3800000, 0x0000000100000000)
  eden space 24576K, 60% used [0x00000000f0400000,0x00000000f129daf0,0x00000000f1c00000)
  from space 2048K, 25% used [0x00000000f1c00000,0x00000000f1c807f8,0x00000000f1e00000)
  to   space 2048K, 0% used [0x00000000f3600000,0x00000000f3600000,0x00000000f3800000)
 ParOldGen       total 32768K, used 24K [0x00000000d0c00000, 0x00000000d2c00000, 0x00000000f0400000)
  object space 32768K, 0% used [0x00000000d0c00000,0x00000000d0c06000,0x00000000d2c00000)
 Metaspace       used 2974K, capacity 4564K, committed 4864K, reserved 1056768K
  class space    used 325K, capacity 388K, committed 512K, reserved 1048576K
GC Heap History (6 events):
Event: 0,114 GC heap before
{Heap before GC invocations=1 (full 0):
 PSYoungGen      total 14336K, used 12270K [0x00000000f0400000, 0x00000000f1400000, 0x0000000100000000)
  eden space 12288K, 99% used [0x00000000f0400000,0x00000000f0ffbb48,0x00000000f1000000)
  from space 2048K, 0% used [0x00000000f1200000,0x00000000f1200000,0x00000000f1400000)
  to   space 2048K, 0% used [0x00000000f1000000,0x00000000f1000000,0x00000000f1200000)
 ParOldGen       total 32768K, used 0K [0x00000000d0c00000, 0x00000000d2c00000, 0x00000000f0400000)
  object space 32768K, 0% used [0x00000000d0c00000,0x00000000d0c00000,0x00000000d2c00000)
 Metaspace       used 2974K, capacity 4564K, committed 4864K, reserved 1056768K
  class space    used 325K, capacity 388K, committed 512K, reserved 1048576K
Event: 0,117 GC heap after
Heap after GC invocations=1 (full 0):
 PSYoungGen      total 14336K, used 545K [0x00000000f0400000, 0x00000000f2000000, 0x0000000100000000)
  eden space 12288K, 0% used [0x00000000f0400000,0x00000000f0400000,0x00000000f1000000)
  from space 2048K, 26% used [0x00000000f1000000,0x00000000f1088488,0x00000000f1200000)
  to   space 2048K, 0% used [0x00000000f1e00000,0x00000000f1e00000,0x00000000f2000000)
 ParOldGen       total 32768K, used 8K [0x00000000d0c00000, 0x00000000d2c00000, 0x00000000f0400000)
  object space 32768K, 0% used [0x00000000d0c00000,0x00000000d0c02000,0x00000000d2c00000)
 Metaspace       used 2974K, capacity 4564K, committed 4864K, reserved 1056768K
  class space    used 325K, capacity 388K, committed 512K, reserved 1048576K
}
Event: 0,131 GC heap before
{Heap before GC invocations=2 (full 0):
 PSYoungGen      total 14336K, used 12832K [0x00000000f0400000, 0x00000000f2000000, 0x0000000100000000)
  eden space 12288K, 99% used [0x00000000f0400000,0x00000000f0fffc58,0x00000000f1000000)
  from space 2048K, 26% used [0x00000000f1000000,0x00000000f1088488,0x00000000f1200000)
  to   space 2048K, 0% used [0x00000000f1e00000,0x00000000f1e00000,0x00000000f2000000)
 ParOldGen       total 32768K, used 8K [0x00000000d0c00000, 0x00000000d2c00000, 0x00000000f0400000)
  object space 32768K, 0% used [0x00000000d0c00000,0x00000000d0c02000,0x00000000d2c00000)
 Metaspace       used 2974K, capacity 4564K, committed 4864K, reserved 1056768K
  class space    used 325K, capacity 388K, committed 512K, reserved 1048576K
Event: 0,133 GC heap after
Heap after GC invocations=2 (full 0):
 PSYoungGen      total 26624K, used 514K [0x00000000f0400000, 0x00000000f2000000, 0x0000000100000000)
  eden space 24576K, 0% used [0x00000000f0400000,0x00000000f0400000,0x00000000f1c00000)
  from space 2048K, 25% used [0x00000000f1e00000,0x00000000f1e80818,0x00000000f2000000)
  to   space 2048K, 0% used [0x00000000f1c00000,0x00000000f1c00000,0x00000000f1e00000)
 ParOldGen       total 32768K, used 16K [0x00000000d0c00000, 0x00000000d2c00000, 0x00000000f0400000)
  object space 32768K, 0% used [0x00000000d0c00000,0x00000000d0c04000,0x00000000d2c00000)
 Metaspace       used 2974K, capacity 4564K, committed 4864K, reserved 1056768K
  class space    used 325K, capacity 388K, committed 512K, reserved 1048576K
}
Event: 0,167 GC heap before
{Heap before GC invocations=3 (full 0):
 PSYoungGen      total 26624K, used 25090K [0x00000000f0400000, 0x00000000f2000000, 0x0000000100000000)
  eden space 24576K, 100% used [0x00000000f0400000,0x00000000f1c00000,0x00000000f1c00000)
  from space 2048K, 25% used [0x00000000f1e00000,0x00000000f1e80818,0x00000000f2000000)
  to   space 2048K, 0% used [0x00000000f1c00000,0x00000000f1c00000,0x00000000f1e00000)
 ParOldGen       total 32768K, used 16K [0x00000000d0c00000, 0x00000000d2c00000, 0x00000000f0400000)
  object space 32768K, 0% used [0x00000000d0c00000,0x00000000d0c04000,0x00000000d2c00000)
 Metaspace       used 2974K, capacity 4564K, committed 4864K, reserved 1056768K
  class space    used 325K, capacity 388K, committed 512K, reserved 1048576K
Event: 0,168 GC heap after
Heap after GC invocations=3 (full 0):
 PSYoungGen      total 26624K, used 513K [0x00000000f0400000, 0x00000000f3800000, 0x0000000100000000)
  eden space 24576K, 0% used [0x00000000f0400000,0x00000000f0400000,0x00000000f1c00000)
  from space 2048K, 25% used [0x00000000f1c00000,0x00000000f1c807f8,0x00000000f1e00000)
  to   space 2048K, 0% used [0x00000000f3600000,0x00000000f3600000,0x00000000f3800000)
 ParOldGen       total 32768K, used 24K [0x00000000d0c00000, 0x00000000d2c00000, 0x00000000f0400000)
  object space 32768K, 0% used [0x00000000d0c00000,0x00000000d0c06000,0x00000000d2c00000)
 Metaspace       used 2974K, capacity 4564K, committed 4864K, reserved 1056768K
  class space    used 325K, capacity 388K, committed 512K, reserved 1048576K
}

