# JRE version: Java(TM) SE Runtime Environment (8.0_121-b13) (build 1.8.0_121-b13)
# Java VM: Java HotSpot(TM) 64-Bit Server VM (25.121-b13 mixed mode linux-amd64 compressed oops)
Heap:
 PSYoungGen      total 18432K, used 6665K [0x00000000f0400000, 0x00000000f2200000, 0x0000000100000000)
  eden space 15360K, 25% used [0x00000000f0400000,0x00000000f07e43a8,0x00000000f1300000)
  from space 3072K, 87% used [0x00000000f1f00000,0x00000000f219e2e8,0x00000000f2200000)
  to   space 5120K, 0% used [0x00000000f1800000,0x00000000f1800000,0x00000000f1d00000)
 ParOldGen       total 10752K, used 5867K [0x00000000d0c00000, 0x00000000d1680000, 0x00000000f0400000)
  object space 10752K, 54% used [0x00000000d0c00000,0x00000000d11bafe8,0x00000000d1680000)
 Metaspace       used 9355K, capacity 9856K, committed 10112K, reserved 1058816K
  class space    used 1040K, capacity 1076K, committed 1152K, reserved 1048576K
GC Heap History (10 events):
Event: 0,524 GC heap before
{Heap before GC invocations=5 (full 0):
 PSYoungGen      total 6656K, used 6524K [0x00000000f0400000, 0x00000000f0b00000, 0x0000000100000000)
  eden space 6144K, 98% used [0x00000000f0400000,0x00000000f09e73a0,0x00000000f0a00000)
  from space 512K, 93% used [0x00000000f0a80000,0x00000000f0af8020,0x00000000f0b00000)
  to   space 512K, 0% used [0x00000000f0a00000,0x00000000f0a00000,0x00000000f0a80000)
 ParOldGen       total 5632K, used 873K [0x00000000d0c00000, 0x00000000d1180000, 0x00000000f0400000)
  object space 5632K, 15% used [0x00000000d0c00000,0x00000000d0cda560,0x00000000d1180000)
 Metaspace       used 7292K, capacity 8276K, committed 8448K, reserved 1056768K
  class space    used 877K, capacity 912K, committed 1024K, reserved 1048576K
Event: 0,537 GC heap after
Heap after GC invocations=5 (full 0):
 PSYoungGen      total 6656K, used 480K [0x00000000f0400000, 0x00000000f1400000, 0x0000000100000000)
  eden space 6144K, 0% used [0x00000000f0400000,0x00000000f0400000,0x00000000f0a00000)
  from space 512K, 93% used [0x00000000f0a00000,0x00000000f0a78020,0x00000000f0a80000)
  to   space 2048K, 0% used [0x00000000f1200000,0x00000000f1200000,0x00000000f1400000)
 ParOldGen       total 5632K, used 2353K [0x00000000d0c00000, 0x00000000d1180000, 0x00000000f0400000)
  object space 5632K, 41% used [0x00000000d0c00000,0x00000000d0e4c5e0,0x00000000d1180000)
 Metaspace       used 7292K, capacity 8276K, committed 8448K, reserved 1056768K
  class space    used 877K, capacity 912K, committed 1024K, reserved 1048576K
}
Event: 0,620 GC heap before
{Heap before GC invocations=6 (full 0):
 PSYoungGen      total 6656K, used 6200K [0x00000000f0400000, 0x00000000f1400000, 0x0000000100000000)
  eden space 6144K, 93% used [0x00000000f0400000,0x00000000f0996248,0x00000000f0a00000)
  from space 512K, 93% used [0x00000000f0a00000,0x00000000f0a78020,0x00000000f0a80000)
  to   space 2048K, 0% used [0x00000000f1200000,0x00000000f1200000,0x00000000f1400000)
 ParOldGen       total 5632K, used 2353K [0x00000000d0c00000, 0x00000000d1180000, 0x00000000f0400000)
  object space 5632K, 41% used [0x00000000d0c00000,0x00000000d0e4c5e0,0x00000000d1180000)
 Metaspace       used 7483K, capacity 8372K, committed 8704K, reserved 1056768K
  class space    used 890K, capacity 944K, committed 1024K, reserved 1048576K
Event: 0,629 GC heap after
Heap after GC invocations=6 (full 0):
 PSYoungGen      total 13312K, used 2040K [0x00000000f0400000, 0x00000000f1600000, 0x0000000100000000)
  eden space 11264K, 0% used [0x00000000f0400000,0x00000000f0400000,0x00000000f0f00000)
  from space 2048K, 99% used [0x00000000f1200000,0x00000000f13fe308,0x00000000f1400000)
  to   space 3072K, 0% used [0x00000000f0f00000,0x00000000f0f00000,0x00000000f1200000)
 ParOldGen       total 5632K, used 3691K [0x00000000d0c00000, 0x00000000d1180000, 0x00000000f0400000)
  object space 5632K, 65% used [0x00000000d0c00000,0x00000000d0f9ae80,0x00000000d1180000)
 Metaspace       used 7483K, capacity 8372K, committed 8704K, reserved 1056768K
  class space    used 890K, capacity 944K, committed 1024K, reserved 1048576K
}
Event: 0,910 GC heap before
{Heap before GC invocations=7 (full 0):
 PSYoungGen      total 13312K, used 13304K [0x00000000f0400000, 0x00000000f1600000, 0x0000000100000000)
  eden space 11264K, 100% used [0x00000000f0400000,0x00000000f0f00000,0x00000000f0f00000)
  from space 2048K, 99% used [0x00000000f1200000,0x00000000f13fe308,0x00000000f1400000)
  to   space 3072K, 0% used [0x00000000f0f00000,0x00000000f0f00000,0x00000000f1200000)
 ParOldGen       total 5632K, used 3691K [0x00000000d0c00000, 0x00000000d1180000, 0x00000000f0400000)
  object space 5632K, 65% used [0x00000000d0c00000,0x00000000d0f9ae80,0x00000000d1180000)
 Metaspace       used 8760K, capacity 9312K, committed 9600K, reserved 1058816K
  class space    used 1024K, capacity 1044K, committed 1152K, reserved 1048576K
Event: 0,928 GC heap after
Heap after GC invocations=7 (full 0):
 PSYoungGen      total 14336K, used 3064K [0x00000000f0400000, 0x00000000f2400000, 0x0000000100000000)
  eden space 11264K, 0% used [0x00000000f0400000,0x00000000f0400000,0x00000000f0f00000)
  from space 3072K, 99% used [0x00000000f0f00000,0x00000000f11fe308,0x00000000f1200000)
  to   space 5120K, 0% used [0x00000000f1f00000,0x00000000f1f00000,0x00000000f2400000)
 ParOldGen       total 6144K, used 5662K [0x00000000d0c00000, 0x00000000d1200000, 0x00000000f0400000)
  object space 6144K, 92% used [0x00000000d0c00000,0x00000000d1187a88,0x00000000d1200000)
 Metaspace       used 8760K, capacity 9312K, committed 9600K, reserved 1058816K
  class space    used 1024K, capacity 1044K, committed 1152K, reserved 1048576K
}
Event: 0,928 GC heap before
{Heap before GC invocations=8 (full 1):
 PSYoungGen      total 14336K, used 3064K [0x00000000f0400000, 0x00000000f2400000, 0x0000000100000000)
  eden space 11264K, 0% used [0x00000000f0400000,0x00000000f0400000,0x00000000f0f00000)
  from space 3072K, 99% used [0x00000000f0f00000,0x00000000f11fe308,0x00000000f1200000)
  to   space 5120K, 0% used [0x00000000f1f00000,0x00000000f1f00000,0x00000000f2400000)
 ParOldGen       total 6144K, used 5662K [0x00000000d0c00000, 0x00000000d1200000, 0x00000000f0400000)
  object space 6144K, 92% used [0x00000000d0c00000,0x00000000d1187a88,0x00000000d1200000)
 Metaspace       used 8760K, capacity 9312K, committed 9600K, reserved 1058816K
  class space    used 1024K, capacity 1044K, committed 1152K, reserved 1048576K
Event: 1,013 GC heap after
Heap after GC invocations=8 (full 1):
 PSYoungGen      total 14336K, used 2444K [0x00000000f0400000, 0x00000000f2400000, 0x0000000100000000)
  eden space 11264K, 0% used [0x00000000f0400000,0x00000000f0400000,0x00000000f0f00000)
  from space 3072K, 79% used [0x00000000f0f00000,0x00000000f1163098,0x00000000f1200000)
  to   space 5120K, 0% used [0x00000000f1f00000,0x00000000f1f00000,0x00000000f2400000)
 ParOldGen       total 10752K, used 5811K [0x00000000d0c00000, 0x00000000d1680000, 0x00000000f0400000)
  object space 10752K, 54% used [0x00000000d0c00000,0x00000000d11acfe8,0x00000000d1680000)
 Metaspace       used 8760K, capacity 9312K, committed 9600K, reserved 1058816K
  class space    used 1024K, capacity 1044K, committed 1152K, reserved 1048576K
}
Event: 1,462 GC heap before
{Heap before GC invocations=9 (full 1):
 PSYoungGen      total 14336K, used 13708K [0x00000000f0400000, 0x00000000f2400000, 0x0000000100000000)
  eden space 11264K, 100% used [0x00000000f0400000,0x00000000f0f00000,0x00000000f0f00000)
  from space 3072K, 79% used [0x00000000f0f00000,0x00000000f1163098,0x00000000f1200000)
  to   space 5120K, 0% used [0x00000000f1f00000,0x00000000f1f00000,0x00000000f2400000)
 ParOldGen       total 10752K, used 5811K [0x00000000d0c00000, 0x00000000d1680000, 0x00000000f0400000)
  object space 10752K, 54% used [0x00000000d0c00000,0x00000000d11acfe8,0x00000000d1680000)
 Metaspace       used 9247K, capacity 9792K, committed 10112K, reserved 1058816K
  class space    used 1039K, capacity 1076K, committed 1152K, reserved 1048576K
Event: 1,473 GC heap after
Heap after GC invocations=9 (full 1):
 PSYoungGen      total 18432K, used 2680K [0x00000000f0400000, 0x00000000f2200000, 0x0000000100000000)
  eden space 15360K, 0% used [0x00000000f0400000,0x00000000f0400000,0x00000000f1300000)
  from space 3072K, 87% used [0x00000000f1f00000,0x00000000f219e2e8,0x00000000f2200000)
  to   space 5120K, 0% used [0x00000000f1800000,0x00000000f1800000,0x00000000f1d00000)
 ParOldGen       total 10752K, used 5867K [0x00000000d0c00000, 0x00000000d1680000, 0x00000000f0400000)
  object space 10752K, 54% used [0x00000000d0c00000,0x00000000d11bafe8,0x00000000d1680000)
 Metaspace       used 9247K, capacity 9792K, committed 10112K, reserved 1058816K
  class space    used 1039K, capacity 1076K, committed 1152K, reserved 1048576K
}

