# JRE version: Java(TM) SE Runtime Environment (8.0_121-b13) (build 1.8.0_121-b13)
# Java VM: Java HotSpot(TM) 64-Bit Server VM (25.121-b13 mixed mode linux-amd64 compressed oops)
Heap:
 PSYoungGen      total 20480K, used 16165K [0x00000000f0400000, 0x00000000f1e00000, 0x0000000100000000)
  eden space 15872K, 77% used [0x00000000f0400000,0x00000000f1012fd0,0x00000000f1380000)
  from space 4608K, 82% used [0x00000000f1880000,0x00000000f1c364d0,0x00000000f1d00000)
  to   space 5120K, 0% used [0x00000000f1380000,0x00000000f1380000,0x00000000f1880000)
 ParOldGen       total 10240K, used 5592K [0x00000000d0c00000, 0x00000000d1600000, 0x00000000f0400000)
  object space 10240K, 54% used [0x00000000d0c00000,0x00000000d1176020,0x00000000d1600000)
 Metaspace       used 9517K, capacity 9984K, committed 10112K, reserved 1058816K
  class space    used 1040K, capacity 1076K, committed 1152K, reserved 1048576K
GC Heap History (10 events):
Event: 0,471 GC heap before
{Heap before GC invocations=5 (full 0):
 PSYoungGen      total 6656K, used 6624K [0x00000000f0400000, 0x00000000f0b00000, 0x0000000100000000)
  eden space 6144K, 100% used [0x00000000f0400000,0x00000000f0a00000,0x00000000f0a00000)
  from space 512K, 93% used [0x00000000f0a80000,0x00000000f0af8010,0x00000000f0b00000)
  to   space 512K, 0% used [0x00000000f0a00000,0x00000000f0a00000,0x00000000f0a80000)
 ParOldGen       total 5632K, used 884K [0x00000000d0c00000, 0x00000000d1180000, 0x00000000f0400000)
  object space 5632K, 15% used [0x00000000d0c00000,0x00000000d0cdd190,0x00000000d1180000)
 Metaspace       used 7282K, capacity 8212K, committed 8448K, reserved 1056768K
  class space    used 881K, capacity 912K, committed 1024K, reserved 1048576K
Event: 0,480 GC heap after
Heap after GC invocations=5 (full 0):
 PSYoungGen      total 6656K, used 500K [0x00000000f0400000, 0x00000000f1400000, 0x0000000100000000)
  eden space 6144K, 0% used [0x00000000f0400000,0x00000000f0400000,0x00000000f0a00000)
  from space 512K, 97% used [0x00000000f0a00000,0x00000000f0a7d2a0,0x00000000f0a80000)
  to   space 2048K, 0% used [0x00000000f1200000,0x00000000f1200000,0x00000000f1400000)
 ParOldGen       total 5632K, used 2338K [0x00000000d0c00000, 0x00000000d1180000, 0x00000000f0400000)
  object space 5632K, 41% used [0x00000000d0c00000,0x00000000d0e48948,0x00000000d1180000)
 Metaspace       used 7282K, capacity 8212K, committed 8448K, reserved 1056768K
  class space    used 881K, capacity 912K, committed 1024K, reserved 1048576K
}
Event: 0,566 GC heap before
{Heap before GC invocations=6 (full 0):
 PSYoungGen      total 6656K, used 6644K [0x00000000f0400000, 0x00000000f1400000, 0x0000000100000000)
  eden space 6144K, 100% used [0x00000000f0400000,0x00000000f0a00000,0x00000000f0a00000)
  from space 512K, 97% used [0x00000000f0a00000,0x00000000f0a7d2a0,0x00000000f0a80000)
  to   space 2048K, 0% used [0x00000000f1200000,0x00000000f1200000,0x00000000f1400000)
 ParOldGen       total 5632K, used 2338K [0x00000000d0c00000, 0x00000000d1180000, 0x00000000f0400000)
  object space 5632K, 41% used [0x00000000d0c00000,0x00000000d0e48948,0x00000000d1180000)
 Metaspace       used 7423K, capacity 8308K, committed 8448K, reserved 1056768K
  class space    used 890K, capacity 944K, committed 1024K, reserved 1048576K
Event: 0,581 GC heap after
Heap after GC invocations=6 (full 0):
 PSYoungGen      total 12800K, used 2040K [0x00000000f0400000, 0x00000000f1700000, 0x0000000100000000)
  eden space 10752K, 0% used [0x00000000f0400000,0x00000000f0400000,0x00000000f0e80000)
  from space 2048K, 99% used [0x00000000f1200000,0x00000000f13fe2e8,0x00000000f1400000)
  to   space 3584K, 0% used [0x00000000f0e80000,0x00000000f0e80000,0x00000000f1200000)
 ParOldGen       total 5632K, used 4360K [0x00000000d0c00000, 0x00000000d1180000, 0x00000000f0400000)
  object space 5632K, 77% used [0x00000000d0c00000,0x00000000d1042150,0x00000000d1180000)
 Metaspace       used 7423K, capacity 8308K, committed 8448K, reserved 1056768K
  class space    used 890K, capacity 944K, committed 1024K, reserved 1048576K
}
Event: 0,581 GC heap before
{Heap before GC invocations=7 (full 1):
 PSYoungGen      total 12800K, used 2040K [0x00000000f0400000, 0x00000000f1700000, 0x0000000100000000)
  eden space 10752K, 0% used [0x00000000f0400000,0x00000000f0400000,0x00000000f0e80000)
  from space 2048K, 99% used [0x00000000f1200000,0x00000000f13fe2e8,0x00000000f1400000)
  to   space 3584K, 0% used [0x00000000f0e80000,0x00000000f0e80000,0x00000000f1200000)
 ParOldGen       total 5632K, used 4360K [0x00000000d0c00000, 0x00000000d1180000, 0x00000000f0400000)
  object space 5632K, 77% used [0x00000000d0c00000,0x00000000d1042150,0x00000000d1180000)
 Metaspace       used 7423K, capacity 8308K, committed 8448K, reserved 1056768K
  class space    used 890K, capacity 944K, committed 1024K, reserved 1048576K
Event: 0,619 GC heap after
Heap after GC invocations=7 (full 1):
 PSYoungGen      total 12800K, used 1015K [0x00000000f0400000, 0x00000000f1700000, 0x0000000100000000)
  eden space 10752K, 0% used [0x00000000f0400000,0x00000000f0400000,0x00000000f0e80000)
  from space 2048K, 49% used [0x00000000f1200000,0x00000000f12fddc8,0x00000000f1400000)
  to   space 3584K, 0% used [0x00000000f0e80000,0x00000000f0e80000,0x00000000f1200000)
 ParOldGen       total 10240K, used 5288K [0x00000000d0c00000, 0x00000000d1600000, 0x00000000f0400000)
  object space 10240K, 51% used [0x00000000d0c00000,0x00000000d112a1c0,0x00000000d1600000)
 Metaspace       used 7423K, capacity 8308K, committed 8448K, reserved 1056768K
  class space    used 890K, capacity 944K, committed 1024K, reserved 1048576K
}
Event: 0,922 GC heap before
{Heap before GC invocations=8 (full 1):
 PSYoungGen      total 12800K, used 11767K [0x00000000f0400000, 0x00000000f1700000, 0x0000000100000000)
  eden space 10752K, 100% used [0x00000000f0400000,0x00000000f0e80000,0x00000000f0e80000)
  from space 2048K, 49% used [0x00000000f1200000,0x00000000f12fddc8,0x00000000f1400000)
  to   space 3584K, 0% used [0x00000000f0e80000,0x00000000f0e80000,0x00000000f1200000)
 ParOldGen       total 10240K, used 5288K [0x00000000d0c00000, 0x00000000d1600000, 0x00000000f0400000)
  object space 10240K, 51% used [0x00000000d0c00000,0x00000000d112a1c0,0x00000000d1600000)
 Metaspace       used 8746K, capacity 9312K, committed 9600K, reserved 1058816K
  class space    used 1025K, capacity 1044K, committed 1152K, reserved 1048576K
Event: 0,936 GC heap after
Heap after GC invocations=8 (full 1):
 PSYoungGen      total 14336K, used 3577K [0x00000000f0400000, 0x00000000f1d00000, 0x0000000100000000)
  eden space 10752K, 0% used [0x00000000f0400000,0x00000000f0400000,0x00000000f0e80000)
  from space 3584K, 99% used [0x00000000f0e80000,0x00000000f11fe4d0,0x00000000f1200000)
  to   space 4608K, 0% used [0x00000000f1880000,0x00000000f1880000,0x00000000f1d00000)
 ParOldGen       total 10240K, used 5536K [0x00000000d0c00000, 0x00000000d1600000, 0x00000000f0400000)
  object space 10240K, 54% used [0x00000000d0c00000,0x00000000d1168020,0x00000000d1600000)
 Metaspace       used 8746K, capacity 9312K, committed 9600K, reserved 1058816K
  class space    used 1025K, capacity 1044K, committed 1152K, reserved 1048576K
}
Event: 1,341 GC heap before
{Heap before GC invocations=9 (full 1):
 PSYoungGen      total 14336K, used 14329K [0x00000000f0400000, 0x00000000f1d00000, 0x0000000100000000)
  eden space 10752K, 100% used [0x00000000f0400000,0x00000000f0e80000,0x00000000f0e80000)
  from space 3584K, 99% used [0x00000000f0e80000,0x00000000f11fe4d0,0x00000000f1200000)
  to   space 4608K, 0% used [0x00000000f1880000,0x00000000f1880000,0x00000000f1d00000)
 ParOldGen       total 10240K, used 5536K [0x00000000d0c00000, 0x00000000d1600000, 0x00000000f0400000)
  object space 10240K, 54% used [0x00000000d0c00000,0x00000000d1168020,0x00000000d1600000)
 Metaspace       used 9209K, capacity 9792K, committed 10112K, reserved 1058816K
  class space    used 1039K, capacity 1076K, committed 1152K, reserved 1048576K
Event: 1,361 GC heap after
Heap after GC invocations=9 (full 1):
 PSYoungGen      total 20480K, used 3801K [0x00000000f0400000, 0x00000000f1e00000, 0x0000000100000000)
  eden space 15872K, 0% used [0x00000000f0400000,0x00000000f0400000,0x00000000f1380000)
  from space 4608K, 82% used [0x00000000f1880000,0x00000000f1c364d0,0x00000000f1d00000)
  to   space 5120K, 0% used [0x00000000f1380000,0x00000000f1380000,0x00000000f1880000)
 ParOldGen       total 10240K, used 5592K [0x00000000d0c00000, 0x00000000d1600000, 0x00000000f0400000)
  object space 10240K, 54% used [0x00000000d0c00000,0x00000000d1176020,0x00000000d1600000)
 Metaspace       used 9209K, capacity 9792K, committed 10112K, reserved 1058816K
  class space    used 1039K, capacity 1076K, committed 1152K, reserved 1048576K
}

