# JRE version: Java(TM) SE Runtime Environment (8.0_121-b13) (build 1.8.0_121-b13)
# Java VM: Java HotSpot(TM) 64-Bit Server VM (25.121-b13 mixed mode linux-amd64 compressed oops)
Heap:
 PSYoungGen      total 17920K, used 13800K [0x00000000f0400000, 0x00000000f2180000, 0x0000000100000000)
  eden space 14336K, 73% used [0x00000000f0400000,0x00000000f0e4d8c8,0x00000000f1200000)
  from space 3584K, 90% used [0x00000000f1e00000,0x00000000f212c7b8,0x00000000f2180000)
  to   space 5120K, 0% used [0x00000000f1780000,0x00000000f1780000,0x00000000f1c80000)
 ParOldGen       total 10240K, used 5372K [0x00000000d0c00000, 0x00000000d1600000, 0x00000000f0400000)
  object space 10240K, 52% used [0x00000000d0c00000,0x00000000d113f158,0x00000000d1600000)
 Metaspace       used 9543K, capacity 10048K, committed 10368K, reserved 1058816K
  class space    used 1040K, capacity 1076K, committed 1152K, reserved 1048576K
GC Heap History (10 events):
Event: 0,480 GC heap before
{Heap before GC invocations=5 (full 0):
 PSYoungGen      total 6656K, used 6590K [0x00000000f0400000, 0x00000000f0b00000, 0x0000000100000000)
  eden space 6144K, 99% used [0x00000000f0400000,0x00000000f09f3a68,0x00000000f0a00000)
  from space 512K, 96% used [0x00000000f0a80000,0x00000000f0afc030,0x00000000f0b00000)
  to   space 512K, 0% used [0x00000000f0a00000,0x00000000f0a00000,0x00000000f0a80000)
 ParOldGen       total 5632K, used 870K [0x00000000d0c00000, 0x00000000d1180000, 0x00000000f0400000)
  object space 5632K, 15% used [0x00000000d0c00000,0x00000000d0cd9828,0x00000000d1180000)
 Metaspace       used 7263K, capacity 8212K, committed 8448K, reserved 1056768K
  class space    used 877K, capacity 912K, committed 1024K, reserved 1048576K
Event: 0,487 GC heap after
Heap after GC invocations=5 (full 0):
 PSYoungGen      total 6656K, used 500K [0x00000000f0400000, 0x00000000f1400000, 0x0000000100000000)
  eden space 6144K, 0% used [0x00000000f0400000,0x00000000f0400000,0x00000000f0a00000)
  from space 512K, 97% used [0x00000000f0a00000,0x00000000f0a7d2c0,0x00000000f0a80000)
  to   space 2048K, 0% used [0x00000000f1200000,0x00000000f1200000,0x00000000f1400000)
 ParOldGen       total 5632K, used 2363K [0x00000000d0c00000, 0x00000000d1180000, 0x00000000f0400000)
  object space 5632K, 41% used [0x00000000d0c00000,0x00000000d0e4ed30,0x00000000d1180000)
 Metaspace       used 7263K, capacity 8212K, committed 8448K, reserved 1056768K
  class space    used 877K, capacity 912K, committed 1024K, reserved 1048576K
}
Event: 0,589 GC heap before
{Heap before GC invocations=6 (full 0):
 PSYoungGen      total 6656K, used 6232K [0x00000000f0400000, 0x00000000f1400000, 0x0000000100000000)
  eden space 6144K, 93% used [0x00000000f0400000,0x00000000f0998da8,0x00000000f0a00000)
  from space 512K, 97% used [0x00000000f0a00000,0x00000000f0a7d2c0,0x00000000f0a80000)
  to   space 2048K, 0% used [0x00000000f1200000,0x00000000f1200000,0x00000000f1400000)
 ParOldGen       total 5632K, used 2363K [0x00000000d0c00000, 0x00000000d1180000, 0x00000000f0400000)
  object space 5632K, 41% used [0x00000000d0c00000,0x00000000d0e4ed30,0x00000000d1180000)
 Metaspace       used 7442K, capacity 8308K, committed 8448K, reserved 1056768K
  class space    used 890K, capacity 944K, committed 1024K, reserved 1048576K
Event: 0,599 GC heap after
Heap after GC invocations=6 (full 0):
 PSYoungGen      total 12800K, used 2029K [0x00000000f0400000, 0x00000000f1700000, 0x0000000100000000)
  eden space 10752K, 0% used [0x00000000f0400000,0x00000000f0400000,0x00000000f0e80000)
  from space 2048K, 99% used [0x00000000f1200000,0x00000000f13fb5a8,0x00000000f1400000)
  to   space 3584K, 0% used [0x00000000f0e80000,0x00000000f0e80000,0x00000000f1200000)
 ParOldGen       total 5632K, used 3741K [0x00000000d0c00000, 0x00000000d1180000, 0x00000000f0400000)
  object space 5632K, 66% used [0x00000000d0c00000,0x00000000d0fa75d0,0x00000000d1180000)
 Metaspace       used 7442K, capacity 8308K, committed 8448K, reserved 1056768K
  class space    used 890K, capacity 944K, committed 1024K, reserved 1048576K
}
Event: 0,858 GC heap before
{Heap before GC invocations=7 (full 0):
 PSYoungGen      total 12800K, used 12781K [0x00000000f0400000, 0x00000000f1700000, 0x0000000100000000)
  eden space 10752K, 100% used [0x00000000f0400000,0x00000000f0e80000,0x00000000f0e80000)
  from space 2048K, 99% used [0x00000000f1200000,0x00000000f13fb5a8,0x00000000f1400000)
  to   space 3584K, 0% used [0x00000000f0e80000,0x00000000f0e80000,0x00000000f1200000)
 ParOldGen       total 5632K, used 3741K [0x00000000d0c00000, 0x00000000d1180000, 0x00000000f0400000)
  object space 5632K, 66% used [0x00000000d0c00000,0x00000000d0fa75d0,0x00000000d1180000)
 Metaspace       used 8541K, capacity 9120K, committed 9344K, reserved 1056768K
  class space    used 999K, capacity 1044K, committed 1152K, reserved 1048576K
Event: 0,872 GC heap after
Heap after GC invocations=7 (full 0):
 PSYoungGen      total 14336K, used 3569K [0x00000000f0400000, 0x00000000f2300000, 0x0000000100000000)
  eden space 10752K, 0% used [0x00000000f0400000,0x00000000f0400000,0x00000000f0e80000)
  from space 3584K, 99% used [0x00000000f0e80000,0x00000000f11fc7d8,0x00000000f1200000)
  to   space 5120K, 0% used [0x00000000f1e00000,0x00000000f1e00000,0x00000000f2300000)
 ParOldGen       total 5632K, used 5115K [0x00000000d0c00000, 0x00000000d1180000, 0x00000000f0400000)
  object space 5632K, 90% used [0x00000000d0c00000,0x00000000d10fece0,0x00000000d1180000)
 Metaspace       used 8541K, capacity 9120K, committed 9344K, reserved 1056768K
  class space    used 999K, capacity 1044K, committed 1152K, reserved 1048576K
}
Event: 0,872 GC heap before
{Heap before GC invocations=8 (full 1):
 PSYoungGen      total 14336K, used 3569K [0x00000000f0400000, 0x00000000f2300000, 0x0000000100000000)
  eden space 10752K, 0% used [0x00000000f0400000,0x00000000f0400000,0x00000000f0e80000)
  from space 3584K, 99% used [0x00000000f0e80000,0x00000000f11fc7d8,0x00000000f1200000)
  to   space 5120K, 0% used [0x00000000f1e00000,0x00000000f1e00000,0x00000000f2300000)
 ParOldGen       total 5632K, used 5115K [0x00000000d0c00000, 0x00000000d1180000, 0x00000000f0400000)
  object space 5632K, 90% used [0x00000000d0c00000,0x00000000d10fece0,0x00000000d1180000)
 Metaspace       used 8541K, capacity 9120K, committed 9344K, reserved 1056768K
  class space    used 999K, capacity 1044K, committed 1152K, reserved 1048576K
Event: 0,970 GC heap after
Heap after GC invocations=8 (full 1):
 PSYoungGen      total 14336K, used 3046K [0x00000000f0400000, 0x00000000f2300000, 0x0000000100000000)
  eden space 10752K, 0% used [0x00000000f0400000,0x00000000f0400000,0x00000000f0e80000)
  from space 3584K, 85% used [0x00000000f0e80000,0x00000000f1179ba8,0x00000000f1200000)
  to   space 5120K, 0% used [0x00000000f1e00000,0x00000000f1e00000,0x00000000f2300000)
 ParOldGen       total 10240K, used 5188K [0x00000000d0c00000, 0x00000000d1600000, 0x00000000f0400000)
  object space 10240K, 50% used [0x00000000d0c00000,0x00000000d1111148,0x00000000d1600000)
 Metaspace       used 8541K, capacity 9120K, committed 9344K, reserved 1056768K
  class space    used 999K, capacity 1044K, committed 1152K, reserved 1048576K
}
Event: 1,457 GC heap before
{Heap before GC invocations=9 (full 1):
 PSYoungGen      total 14336K, used 13798K [0x00000000f0400000, 0x00000000f2300000, 0x0000000100000000)
  eden space 10752K, 100% used [0x00000000f0400000,0x00000000f0e80000,0x00000000f0e80000)
  from space 3584K, 85% used [0x00000000f0e80000,0x00000000f1179ba8,0x00000000f1200000)
  to   space 5120K, 0% used [0x00000000f1e00000,0x00000000f1e00000,0x00000000f2300000)
 ParOldGen       total 10240K, used 5188K [0x00000000d0c00000, 0x00000000d1600000, 0x00000000f0400000)
  object space 10240K, 50% used [0x00000000d0c00000,0x00000000d1111148,0x00000000d1600000)
 Metaspace       used 9221K, capacity 9792K, committed 10112K, reserved 1058816K
  class space    used 1039K, capacity 1076K, committed 1152K, reserved 1048576K
Event: 1,468 GC heap after
Heap after GC invocations=9 (full 1):
 PSYoungGen      total 17920K, used 3249K [0x00000000f0400000, 0x00000000f2180000, 0x0000000100000000)
  eden space 14336K, 0% used [0x00000000f0400000,0x00000000f0400000,0x00000000f1200000)
  from space 3584K, 90% used [0x00000000f1e00000,0x00000000f212c7b8,0x00000000f2180000)
  to   space 5120K, 0% used [0x00000000f1780000,0x00000000f1780000,0x00000000f1c80000)
 ParOldGen       total 10240K, used 5372K [0x00000000d0c00000, 0x00000000d1600000, 0x00000000f0400000)
  object space 10240K, 52% used [0x00000000d0c00000,0x00000000d113f158,0x00000000d1600000)
 Metaspace       used 9221K, capacity 9792K, committed 10112K, reserved 1058816K
  class space    used 1039K, capacity 1076K, committed 1152K, reserved 1048576K
}

