# JRE version: Java(TM) SE Runtime Environment (8.0_121-b13) (build 1.8.0_121-b13)
# Java VM: Java HotSpot(TM) 64-Bit Server VM (25.121-b13 mixed mode linux-amd64 compressed oops)
Heap:
 PSYoungGen      total 20992K, used 19112K [0x00000000f0400000, 0x00000000f1f80000, 0x0000000100000000)
  eden space 15360K, 95% used [0x00000000f0400000,0x00000000f125fe58,0x00000000f1300000)
  from space 5632K, 77% used [0x00000000f1900000,0x00000000f1d4a2f8,0x00000000f1e80000)
  to   space 6144K, 0% used [0x00000000f1300000,0x00000000f1300000,0x00000000f1900000)
 ParOldGen       total 10752K, used 6431K [0x00000000d0c00000, 0x00000000d1680000, 0x00000000f0400000)
  object space 10752K, 59% used [0x00000000d0c00000,0x00000000d1247cc0,0x00000000d1680000)
 Metaspace       used 9677K, capacity 10176K, committed 10368K, reserved 1058816K
  class space    used 1042K, capacity 1076K, committed 1152K, reserved 1048576K
GC Heap History (10 events):
Event: 0,570 GC heap before
{Heap before GC invocations=5 (full 0):
 PSYoungGen      total 6656K, used 6640K [0x00000000f0400000, 0x00000000f0b00000, 0x0000000100000000)
  eden space 6144K, 100% used [0x00000000f0400000,0x00000000f0a00000,0x00000000f0a00000)
  from space 512K, 96% used [0x00000000f0a80000,0x00000000f0afc020,0x00000000f0b00000)
  to   space 512K, 0% used [0x00000000f0a00000,0x00000000f0a00000,0x00000000f0a80000)
 ParOldGen       total 5632K, used 862K [0x00000000d0c00000, 0x00000000d1180000, 0x00000000f0400000)
  object space 5632K, 15% used [0x00000000d0c00000,0x00000000d0cd7858,0x00000000d1180000)
 Metaspace       used 7280K, capacity 8212K, committed 8448K, reserved 1056768K
  class space    used 877K, capacity 912K, committed 1024K, reserved 1048576K
Event: 0,582 GC heap after
Heap after GC invocations=5 (full 0):
 PSYoungGen      total 6656K, used 480K [0x00000000f0400000, 0x00000000f1400000, 0x0000000100000000)
  eden space 6144K, 0% used [0x00000000f0400000,0x00000000f0400000,0x00000000f0a00000)
  from space 512K, 93% used [0x00000000f0a00000,0x00000000f0a78010,0x00000000f0a80000)
  to   space 2048K, 0% used [0x00000000f1200000,0x00000000f1200000,0x00000000f1400000)
 ParOldGen       total 5632K, used 2404K [0x00000000d0c00000, 0x00000000d1180000, 0x00000000f0400000)
  object space 5632K, 42% used [0x00000000d0c00000,0x00000000d0e59360,0x00000000d1180000)
 Metaspace       used 7280K, capacity 8212K, committed 8448K, reserved 1056768K
  class space    used 877K, capacity 912K, committed 1024K, reserved 1048576K
}
Event: 0,690 GC heap before
{Heap before GC invocations=6 (full 0):
 PSYoungGen      total 6656K, used 6624K [0x00000000f0400000, 0x00000000f1400000, 0x0000000100000000)
  eden space 6144K, 100% used [0x00000000f0400000,0x00000000f0a00000,0x00000000f0a00000)
  from space 512K, 93% used [0x00000000f0a00000,0x00000000f0a78010,0x00000000f0a80000)
  to   space 2048K, 0% used [0x00000000f1200000,0x00000000f1200000,0x00000000f1400000)
 ParOldGen       total 5632K, used 2404K [0x00000000d0c00000, 0x00000000d1180000, 0x00000000f0400000)
  object space 5632K, 42% used [0x00000000d0c00000,0x00000000d0e59360,0x00000000d1180000)
 Metaspace       used 7464K, capacity 8372K, committed 8704K, reserved 1056768K
  class space    used 889K, capacity 944K, committed 1024K, reserved 1048576K
Event: 0,701 GC heap after
Heap after GC invocations=6 (full 0):
 PSYoungGen      total 12288K, used 2038K [0x00000000f0400000, 0x00000000f1800000, 0x0000000100000000)
  eden space 10240K, 0% used [0x00000000f0400000,0x00000000f0400000,0x00000000f0e00000)
  from space 2048K, 99% used [0x00000000f1200000,0x00000000f13fdbb8,0x00000000f1400000)
  to   space 4096K, 0% used [0x00000000f0e00000,0x00000000f0e00000,0x00000000f1200000)
 ParOldGen       total 5632K, used 5322K [0x00000000d0c00000, 0x00000000d1180000, 0x00000000f0400000)
  object space 5632K, 94% used [0x00000000d0c00000,0x00000000d11329b0,0x00000000d1180000)
 Metaspace       used 7464K, capacity 8372K, committed 8704K, reserved 1056768K
  class space    used 889K, capacity 944K, committed 1024K, reserved 1048576K
}
Event: 0,701 GC heap before
{Heap before GC invocations=7 (full 1):
 PSYoungGen      total 12288K, used 2038K [0x00000000f0400000, 0x00000000f1800000, 0x0000000100000000)
  eden space 10240K, 0% used [0x00000000f0400000,0x00000000f0400000,0x00000000f0e00000)
  from space 2048K, 99% used [0x00000000f1200000,0x00000000f13fdbb8,0x00000000f1400000)
  to   space 4096K, 0% used [0x00000000f0e00000,0x00000000f0e00000,0x00000000f1200000)
 ParOldGen       total 5632K, used 5322K [0x00000000d0c00000, 0x00000000d1180000, 0x00000000f0400000)
  object space 5632K, 94% used [0x00000000d0c00000,0x00000000d11329b0,0x00000000d1180000)
 Metaspace       used 7464K, capacity 8372K, committed 8704K, reserved 1056768K
  class space    used 889K, capacity 944K, committed 1024K, reserved 1048576K
Event: 0,732 GC heap after
Heap after GC invocations=7 (full 1):
 PSYoungGen      total 12288K, used 2019K [0x00000000f0400000, 0x00000000f1800000, 0x0000000100000000)
  eden space 10240K, 0% used [0x00000000f0400000,0x00000000f0400000,0x00000000f0e00000)
  from space 2048K, 98% used [0x00000000f1200000,0x00000000f13f8f20,0x00000000f1400000)
  to   space 4096K, 0% used [0x00000000f0e00000,0x00000000f0e00000,0x00000000f1200000)
 ParOldGen       total 10752K, used 5217K [0x00000000d0c00000, 0x00000000d1680000, 0x00000000f0400000)
  object space 10752K, 48% used [0x00000000d0c00000,0x00000000d1118510,0x00000000d1680000)
 Metaspace       used 7464K, capacity 8372K, committed 8704K, reserved 1056768K
  class space    used 889K, capacity 944K, committed 1024K, reserved 1048576K
}
Event: 0,960 GC heap before
{Heap before GC invocations=8 (full 1):
 PSYoungGen      total 12288K, used 12259K [0x00000000f0400000, 0x00000000f1800000, 0x0000000100000000)
  eden space 10240K, 100% used [0x00000000f0400000,0x00000000f0e00000,0x00000000f0e00000)
  from space 2048K, 98% used [0x00000000f1200000,0x00000000f13f8f20,0x00000000f1400000)
  to   space 4096K, 0% used [0x00000000f0e00000,0x00000000f0e00000,0x00000000f1200000)
 ParOldGen       total 10752K, used 5217K [0x00000000d0c00000, 0x00000000d1680000, 0x00000000f0400000)
  object space 10752K, 48% used [0x00000000d0c00000,0x00000000d1118510,0x00000000d1680000)
 Metaspace       used 7859K, capacity 8692K, committed 8960K, reserved 1056768K
  class space    used 909K, capacity 944K, committed 1024K, reserved 1048576K
Event: 0,973 GC heap after
Heap after GC invocations=8 (full 1):
 PSYoungGen      total 14336K, used 4081K [0x00000000f0400000, 0x00000000f1e80000, 0x0000000100000000)
  eden space 10240K, 0% used [0x00000000f0400000,0x00000000f0400000,0x00000000f0e00000)
  from space 4096K, 99% used [0x00000000f0e00000,0x00000000f11fc7c8,0x00000000f1200000)
  to   space 5632K, 0% used [0x00000000f1900000,0x00000000f1900000,0x00000000f1e80000)
 ParOldGen       total 10752K, used 6119K [0x00000000d0c00000, 0x00000000d1680000, 0x00000000f0400000)
  object space 10752K, 56% used [0x00000000d0c00000,0x00000000d11f9cb0,0x00000000d1680000)
 Metaspace       used 7859K, capacity 8692K, committed 8960K, reserved 1056768K
  class space    used 909K, capacity 944K, committed 1024K, reserved 1048576K
}
Event: 1,468 GC heap before
{Heap before GC invocations=9 (full 1):
 PSYoungGen      total 14336K, used 14321K [0x00000000f0400000, 0x00000000f1e80000, 0x0000000100000000)
  eden space 10240K, 100% used [0x00000000f0400000,0x00000000f0e00000,0x00000000f0e00000)
  from space 4096K, 99% used [0x00000000f0e00000,0x00000000f11fc7c8,0x00000000f1200000)
  to   space 5632K, 0% used [0x00000000f1900000,0x00000000f1900000,0x00000000f1e80000)
 ParOldGen       total 10752K, used 6119K [0x00000000d0c00000, 0x00000000d1680000, 0x00000000f0400000)
  object space 10752K, 56% used [0x00000000d0c00000,0x00000000d11f9cb0,0x00000000d1680000)
 Metaspace       used 9337K, capacity 9856K, committed 10112K, reserved 1058816K
  class space    used 1039K, capacity 1076K, committed 1152K, reserved 1048576K
Event: 1,493 GC heap after
Heap after GC invocations=9 (full 1):
 PSYoungGen      total 20992K, used 4392K [0x00000000f0400000, 0x00000000f1f80000, 0x0000000100000000)
  eden space 15360K, 0% used [0x00000000f0400000,0x00000000f0400000,0x00000000f1300000)
  from space 5632K, 77% used [0x00000000f1900000,0x00000000f1d4a2f8,0x00000000f1e80000)
  to   space 6144K, 0% used [0x00000000f1300000,0x00000000f1300000,0x00000000f1900000)
 ParOldGen       total 10752K, used 6431K [0x00000000d0c00000, 0x00000000d1680000, 0x00000000f0400000)
  object space 10752K, 59% used [0x00000000d0c00000,0x00000000d1247cc0,0x00000000d1680000)
 Metaspace       used 9337K, capacity 9856K, committed 10112K, reserved 1058816K
  class space    used 1039K, capacity 1076K, committed 1152K, reserved 1048576K
}

