# JRE version: Java(TM) SE Runtime Environment (8.0_121-b13) (build 1.8.0_121-b13)
# Java VM: Java HotSpot(TM) 64-Bit Server VM (25.121-b13 mixed mode linux-amd64 compressed oops)
Heap:
 PSYoungGen      total 20480K, used 9935K [0x00000000f0400000, 0x00000000f2280000, 0x0000000100000000)
  eden space 14336K, 37% used [0x00000000f0400000,0x00000000f0951ac0,0x00000000f1200000)
  from space 6144K, 73% used [0x00000000f1200000,0x00000000f16622f8,0x00000000f1800000)
  to   space 6656K, 0% used [0x00000000f1c00000,0x00000000f1c00000,0x00000000f2280000)
 ParOldGen       total 10752K, used 6390K [0x00000000d0c00000, 0x00000000d1680000, 0x00000000f0400000)
  object space 10752K, 59% used [0x00000000d0c00000,0x00000000d123d890,0x00000000d1680000)
 Metaspace       used 9675K, capacity 10112K, committed 10368K, reserved 1058816K
  class space    used 1043K, capacity 1076K, committed 1152K, reserved 1048576K
GC Heap History (10 events):
Event: 0,600 GC heap before
{Heap before GC invocations=6 (full 0):
 PSYoungGen      total 6656K, used 6624K [0x00000000f0400000, 0x00000000f1400000, 0x0000000100000000)
  eden space 6144K, 100% used [0x00000000f0400000,0x00000000f0a00000,0x00000000f0a00000)
  from space 512K, 93% used [0x00000000f0a00000,0x00000000f0a78010,0x00000000f0a80000)
  to   space 2048K, 0% used [0x00000000f1200000,0x00000000f1200000,0x00000000f1400000)
 ParOldGen       total 5632K, used 2372K [0x00000000d0c00000, 0x00000000d1180000, 0x00000000f0400000)
  object space 5632K, 42% used [0x00000000d0c00000,0x00000000d0e513b8,0x00000000d1180000)
 Metaspace       used 7425K, capacity 8308K, committed 8448K, reserved 1056768K
  class space    used 889K, capacity 944K, committed 1024K, reserved 1048576K
Event: 0,619 GC heap after
Heap after GC invocations=6 (full 0):
 PSYoungGen      total 12288K, used 2018K [0x00000000f0400000, 0x00000000f1800000, 0x0000000100000000)
  eden space 10240K, 0% used [0x00000000f0400000,0x00000000f0400000,0x00000000f0e00000)
  from space 2048K, 98% used [0x00000000f1200000,0x00000000f13f8990,0x00000000f1400000)
  to   space 4096K, 0% used [0x00000000f0e00000,0x00000000f0e00000,0x00000000f1200000)
 ParOldGen       total 5632K, used 5346K [0x00000000d0c00000, 0x00000000d1180000, 0x00000000f0400000)
  object space 5632K, 94% used [0x00000000d0c00000,0x00000000d1138a08,0x00000000d1180000)
 Metaspace       used 7425K, capacity 8308K, committed 8448K, reserved 1056768K
  class space    used 889K, capacity 944K, committed 1024K, reserved 1048576K
}
Event: 0,619 GC heap before
{Heap before GC invocations=7 (full 1):
 PSYoungGen      total 12288K, used 2018K [0x00000000f0400000, 0x00000000f1800000, 0x0000000100000000)
  eden space 10240K, 0% used [0x00000000f0400000,0x00000000f0400000,0x00000000f0e00000)
  from space 2048K, 98% used [0x00000000f1200000,0x00000000f13f8990,0x00000000f1400000)
  to   space 4096K, 0% used [0x00000000f0e00000,0x00000000f0e00000,0x00000000f1200000)
 ParOldGen       total 5632K, used 5346K [0x00000000d0c00000, 0x00000000d1180000, 0x00000000f0400000)
  object space 5632K, 94% used [0x00000000d0c00000,0x00000000d1138a08,0x00000000d1180000)
 Metaspace       used 7425K, capacity 8308K, committed 8448K, reserved 1056768K
  class space    used 889K, capacity 944K, committed 1024K, reserved 1048576K
Event: 0,675 GC heap after
Heap after GC invocations=7 (full 1):
 PSYoungGen      total 12288K, used 1994K [0x00000000f0400000, 0x00000000f1800000, 0x0000000100000000)
  eden space 10240K, 0% used [0x00000000f0400000,0x00000000f0400000,0x00000000f0e00000)
  from space 2048K, 97% used [0x00000000f1200000,0x00000000f13f2988,0x00000000f1400000)
  to   space 4096K, 0% used [0x00000000f0e00000,0x00000000f0e00000,0x00000000f1200000)
 ParOldGen       total 10752K, used 5264K [0x00000000d0c00000, 0x00000000d1680000, 0x00000000f0400000)
  object space 10752K, 48% used [0x00000000d0c00000,0x00000000d1124360,0x00000000d1680000)
 Metaspace       used 7425K, capacity 8308K, committed 8448K, reserved 1056768K
  class space    used 889K, capacity 944K, committed 1024K, reserved 1048576K
}
Event: 0,927 GC heap before
{Heap before GC invocations=8 (full 1):
 PSYoungGen      total 12288K, used 12234K [0x00000000f0400000, 0x00000000f1800000, 0x0000000100000000)
  eden space 10240K, 100% used [0x00000000f0400000,0x00000000f0e00000,0x00000000f0e00000)
  from space 2048K, 97% used [0x00000000f1200000,0x00000000f13f2988,0x00000000f1400000)
  to   space 4096K, 0% used [0x00000000f0e00000,0x00000000f0e00000,0x00000000f1200000)
 ParOldGen       total 10752K, used 5264K [0x00000000d0c00000, 0x00000000d1680000, 0x00000000f0400000)
  object space 10752K, 48% used [0x00000000d0c00000,0x00000000d1124360,0x00000000d1680000)
 Metaspace       used 8000K, capacity 8724K, committed 8960K, reserved 1056768K
  class space    used 934K, capacity 976K, committed 1024K, reserved 1048576K
Event: 0,944 GC heap after
Heap after GC invocations=8 (full 1):
 PSYoungGen      total 14336K, used 4081K [0x00000000f0400000, 0x00000000f1d80000, 0x0000000100000000)
  eden space 10240K, 0% used [0x00000000f0400000,0x00000000f0400000,0x00000000f0e00000)
  from space 4096K, 99% used [0x00000000f0e00000,0x00000000f11fc7c8,0x00000000f1200000)
  to   space 5632K, 0% used [0x00000000f1800000,0x00000000f1800000,0x00000000f1d80000)
 ParOldGen       total 10752K, used 6096K [0x00000000d0c00000, 0x00000000d1680000, 0x00000000f0400000)
  object space 10752K, 56% used [0x00000000d0c00000,0x00000000d11f4380,0x00000000d1680000)
 Metaspace       used 8000K, capacity 8724K, committed 8960K, reserved 1056768K
  class space    used 934K, capacity 976K, committed 1024K, reserved 1048576K
}
Event: 1,536 GC heap before
{Heap before GC invocations=9 (full 1):
 PSYoungGen      total 14336K, used 14321K [0x00000000f0400000, 0x00000000f1d80000, 0x0000000100000000)
  eden space 10240K, 100% used [0x00000000f0400000,0x00000000f0e00000,0x00000000f0e00000)
  from space 4096K, 99% used [0x00000000f0e00000,0x00000000f11fc7c8,0x00000000f1200000)
  to   space 5632K, 0% used [0x00000000f1800000,0x00000000f1800000,0x00000000f1d80000)
 ParOldGen       total 10752K, used 6096K [0x00000000d0c00000, 0x00000000d1680000, 0x00000000f0400000)
  object space 10752K, 56% used [0x00000000d0c00000,0x00000000d11f4380,0x00000000d1680000)
 Metaspace       used 9342K, capacity 9856K, committed 10112K, reserved 1058816K
  class space    used 1039K, capacity 1076K, committed 1152K, reserved 1048576K
Event: 1,571 GC heap after
Heap after GC invocations=9 (full 1):
 PSYoungGen      total 19968K, used 4401K [0x00000000f0400000, 0x00000000f1e80000, 0x0000000100000000)
  eden space 14336K, 0% used [0x00000000f0400000,0x00000000f0400000,0x00000000f1200000)
  from space 5632K, 78% used [0x00000000f1800000,0x00000000f1c4c7b8,0x00000000f1d80000)
  to   space 6144K, 0% used [0x00000000f1200000,0x00000000f1200000,0x00000000f1800000)
 ParOldGen       total 10752K, used 6382K [0x00000000d0c00000, 0x00000000d1680000, 0x00000000f0400000)
  object space 10752K, 59% used [0x00000000d0c00000,0x00000000d123b890,0x00000000d1680000)
 Metaspace       used 9342K, capacity 9856K, committed 10112K, reserved 1058816K
  class space    used 1039K, capacity 1076K, committed 1152K, reserved 1048576K
}
Event: 1,998 GC heap before
{Heap before GC invocations=10 (full 1):
 PSYoungGen      total 19968K, used 18737K [0x00000000f0400000, 0x00000000f1e80000, 0x0000000100000000)
  eden space 14336K, 100% used [0x00000000f0400000,0x00000000f1200000,0x00000000f1200000)
  from space 5632K, 78% used [0x00000000f1800000,0x00000000f1c4c7b8,0x00000000f1d80000)
  to   space 6144K, 0% used [0x00000000f1200000,0x00000000f1200000,0x00000000f1800000)
 ParOldGen       total 10752K, used 6382K [0x00000000d0c00000, 0x00000000d1680000, 0x00000000f0400000)
  object space 10752K, 59% used [0x00000000d0c00000,0x00000000d123b890,0x00000000d1680000)
 Metaspace       used 9636K, capacity 10112K, committed 10368K, reserved 1058816K
  class space    used 1042K, capacity 1076K, committed 1152K, reserved 1048576K
Event: 2,019 GC heap after
Heap after GC invocations=10 (full 1):
 PSYoungGen      total 20480K, used 4488K [0x00000000f0400000, 0x00000000f2280000, 0x0000000100000000)
  eden space 14336K, 0% used [0x00000000f0400000,0x00000000f0400000,0x00000000f1200000)
  from space 6144K, 73% used [0x00000000f1200000,0x00000000f16622f8,0x00000000f1800000)
  to   space 6656K, 0% used [0x00000000f1c00000,0x00000000f1c00000,0x00000000f2280000)
 ParOldGen       total 10752K, used 6390K [0x00000000d0c00000, 0x00000000d1680000, 0x00000000f0400000)
  object space 10752K, 59% used [0x00000000d0c00000,0x00000000d123d890,0x00000000d1680000)
 Metaspace       used 9636K, capacity 10112K, committed 10368K, reserved 1058816K
  class space    used 1042K, capacity 1076K, committed 1152K, reserved 1048576K
}

