# JRE version: Java(TM) SE Runtime Environment (8.0_101-b13) (build 1.8.0_101-b13)
# Java VM: Java HotSpot(TM) 64-Bit Server VM (25.101-b13 mixed mode linux-amd64 compressed oops)
Heap:
 PSYoungGen      total 11776K, used 8025K [0x00000000f0400000, 0x00000000f1700000, 0x0000000100000000)
  eden space 8704K, 62% used [0x00000000f0400000,0x00000000f0945468,0x00000000f0c80000)
  from space 3072K, 85% used [0x00000000f1400000,0x00000000f16910e0,0x00000000f1700000)
  to   space 4096K, 0% used [0x00000000f0f00000,0x00000000f0f00000,0x00000000f1300000)
 ParOldGen       total 11264K, used 5540K [0x00000000d0c00000, 0x00000000d1700000, 0x00000000f0400000)
  object space 11264K, 49% used [0x00000000d0c00000,0x00000000d11691a0,0x00000000d1700000)
 Metaspace       used 8363K, capacity 9056K, committed 9344K, reserved 1056768K
  class space    used 1004K, capacity 1044K, committed 1152K, reserved 1048576K
GC Heap History (10 events):
Event: 0,220 GC heap before
{Heap before GC invocations=3 (full 0):
 PSYoungGen      total 3584K, used 3568K [0x00000000f0400000, 0x00000000f0800000, 0x0000000100000000)
  eden space 3072K, 100% used [0x00000000f0400000,0x00000000f0700000,0x00000000f0700000)
  from space 512K, 96% used [0x00000000f0780000,0x00000000f07fc010,0x00000000f0800000)
  to   space 512K, 0% used [0x00000000f0700000,0x00000000f0700000,0x00000000f0780000)
 ParOldGen       total 5632K, used 280K [0x00000000d0c00000, 0x00000000d1180000, 0x00000000f0400000)
  object space 5632K, 4% used [0x00000000d0c00000,0x00000000d0c46030,0x00000000d1180000)
 Metaspace       used 4982K, capacity 6412K, committed 6656K, reserved 1056768K
  class space    used 614K, capacity 648K, committed 768K, reserved 1048576K
Event: 0,223 GC heap after
Heap after GC invocations=3 (full 0):
 PSYoungGen      total 3584K, used 512K [0x00000000f0400000, 0x00000000f0b00000, 0x0000000100000000)
  eden space 3072K, 0% used [0x00000000f0400000,0x00000000f0400000,0x00000000f0700000)
  from space 512K, 100% used [0x00000000f0700000,0x00000000f0780000,0x00000000f0780000)
  to   space 512K, 0% used [0x00000000f0a80000,0x00000000f0a80000,0x00000000f0b00000)
 ParOldGen       total 5632K, used 456K [0x00000000d0c00000, 0x00000000d1180000, 0x00000000f0400000)
  object space 5632K, 8% used [0x00000000d0c00000,0x00000000d0c72060,0x00000000d1180000)
 Metaspace       used 4982K, capacity 6412K, committed 6656K, reserved 1056768K
  class space    used 614K, capacity 648K, committed 768K, reserved 1048576K
}
Event: 0,307 GC heap before
{Heap before GC invocations=4 (full 0):
 PSYoungGen      total 3584K, used 3576K [0x00000000f0400000, 0x00000000f0b00000, 0x0000000100000000)
  eden space 3072K, 99% used [0x00000000f0400000,0x00000000f06fe150,0x00000000f0700000)
  from space 512K, 100% used [0x00000000f0700000,0x00000000f0780000,0x00000000f0780000)
  to   space 512K, 0% used [0x00000000f0a80000,0x00000000f0a80000,0x00000000f0b00000)
 ParOldGen       total 5632K, used 456K [0x00000000d0c00000, 0x00000000d1180000, 0x00000000f0400000)
  object space 5632K, 8% used [0x00000000d0c00000,0x00000000d0c72060,0x00000000d1180000)
 Metaspace       used 6144K, capacity 7532K, committed 7808K, reserved 1056768K
  class space    used 755K, capacity 808K, committed 896K, reserved 1048576K
Event: 0,309 GC heap after
Heap after GC invocations=4 (full 0):
 PSYoungGen      total 6656K, used 512K [0x00000000f0400000, 0x00000000f0b00000, 0x0000000100000000)
  eden space 6144K, 0% used [0x00000000f0400000,0x00000000f0400000,0x00000000f0a00000)
  from space 512K, 100% used [0x00000000f0a80000,0x00000000f0b00000,0x00000000f0b00000)
  to   space 512K, 0% used [0x00000000f0a00000,0x00000000f0a00000,0x00000000f0a80000)
 ParOldGen       total 5632K, used 812K [0x00000000d0c00000, 0x00000000d1180000, 0x00000000f0400000)
  object space 5632K, 14% used [0x00000000d0c00000,0x00000000d0ccb348,0x00000000d1180000)
 Metaspace       used 6144K, capacity 7532K, committed 7808K, reserved 1056768K
  class space    used 755K, capacity 808K, committed 896K, reserved 1048576K
}
Event: 0,397 GC heap before
{Heap before GC invocations=5 (full 0):
 PSYoungGen      total 6656K, used 6656K [0x00000000f0400000, 0x00000000f0b00000, 0x0000000100000000)
  eden space 6144K, 100% used [0x00000000f0400000,0x00000000f0a00000,0x00000000f0a00000)
  from space 512K, 100% used [0x00000000f0a80000,0x00000000f0b00000,0x00000000f0b00000)
  to   space 512K, 0% used [0x00000000f0a00000,0x00000000f0a00000,0x00000000f0a80000)
 ParOldGen       total 5632K, used 812K [0x00000000d0c00000, 0x00000000d1180000, 0x00000000f0400000)
  object space 5632K, 14% used [0x00000000d0c00000,0x00000000d0ccb348,0x00000000d1180000)
 Metaspace       used 7092K, capacity 8052K, committed 8320K, reserved 1056768K
  class space    used 864K, capacity 880K, committed 896K, reserved 1048576K
Event: 0,418 GC heap after
Heap after GC invocations=5 (full 0):
 PSYoungGen      total 6656K, used 512K [0x00000000f0400000, 0x00000000f1800000, 0x0000000100000000)
  eden space 6144K, 0% used [0x00000000f0400000,0x00000000f0400000,0x00000000f0a00000)
  from space 512K, 100% used [0x00000000f0a00000,0x00000000f0a80000,0x00000000f0a80000)
  to   space 4096K, 0% used [0x00000000f1400000,0x00000000f1400000,0x00000000f1800000)
 ParOldGen       total 5632K, used 5084K [0x00000000d0c00000, 0x00000000d1180000, 0x00000000f0400000)
  object space 5632K, 90% used [0x00000000d0c00000,0x00000000d10f7258,0x00000000d1180000)
 Metaspace       used 7092K, capacity 8052K, committed 8320K, reserved 1056768K
  class space    used 864K, capacity 880K, committed 896K, reserved 1048576K
}
Event: 0,418 GC heap before
{Heap before GC invocations=6 (full 1):
 PSYoungGen      total 6656K, used 512K [0x00000000f0400000, 0x00000000f1800000, 0x0000000100000000)
  eden space 6144K, 0% used [0x00000000f0400000,0x00000000f0400000,0x00000000f0a00000)
  from space 512K, 100% used [0x00000000f0a00000,0x00000000f0a80000,0x00000000f0a80000)
  to   space 4096K, 0% used [0x00000000f1400000,0x00000000f1400000,0x00000000f1800000)
 ParOldGen       total 5632K, used 5084K [0x00000000d0c00000, 0x00000000d1180000, 0x00000000f0400000)
  object space 5632K, 90% used [0x00000000d0c00000,0x00000000d10f7258,0x00000000d1180000)
 Metaspace       used 7092K, capacity 8052K, committed 8320K, reserved 1056768K
  class space    used 864K, capacity 880K, committed 896K, reserved 1048576K
Event: 0,458 GC heap after
Heap after GC invocations=6 (full 1):
 PSYoungGen      total 6656K, used 0K [0x00000000f0400000, 0x00000000f1800000, 0x0000000100000000)
  eden space 6144K, 0% used [0x00000000f0400000,0x00000000f0400000,0x00000000f0a00000)
  from space 512K, 0% used [0x00000000f0a00000,0x00000000f0a00000,0x00000000f0a80000)
  to   space 4096K, 0% used [0x00000000f1400000,0x00000000f1400000,0x00000000f1800000)
 ParOldGen       total 11264K, used 5532K [0x00000000d0c00000, 0x00000000d1700000, 0x00000000f0400000)
  object space 11264K, 49% used [0x00000000d0c00000,0x00000000d11671a0,0x00000000d1700000)
 Metaspace       used 7092K, capacity 8052K, committed 8320K, reserved 1056768K
  class space    used 864K, capacity 880K, committed 896K, reserved 1048576K
}
Event: 0,604 GC heap before
{Heap before GC invocations=7 (full 1):
 PSYoungGen      total 6656K, used 6144K [0x00000000f0400000, 0x00000000f1800000, 0x0000000100000000)
  eden space 6144K, 100% used [0x00000000f0400000,0x00000000f0a00000,0x00000000f0a00000)
  from space 512K, 0% used [0x00000000f0a00000,0x00000000f0a00000,0x00000000f0a80000)
  to   space 4096K, 0% used [0x00000000f1400000,0x00000000f1400000,0x00000000f1800000)
 ParOldGen       total 11264K, used 5532K [0x00000000d0c00000, 0x00000000d1700000, 0x00000000f0400000)
  object space 11264K, 49% used [0x00000000d0c00000,0x00000000d11671a0,0x00000000d1700000)
 Metaspace       used 7762K, capacity 8480K, committed 8704K, reserved 1056768K
  class space    used 943K, capacity 980K, committed 1024K, reserved 1048576K
Event: 0,610 GC heap after
Heap after GC invocations=7 (full 1):
 PSYoungGen      total 11776K, used 2628K [0x00000000f0400000, 0x00000000f1700000, 0x0000000100000000)
  eden space 8704K, 0% used [0x00000000f0400000,0x00000000f0400000,0x00000000f0c80000)
  from space 3072K, 85% used [0x00000000f1400000,0x00000000f16910e0,0x00000000f1700000)
  to   space 4096K, 0% used [0x00000000f0f00000,0x00000000f0f00000,0x00000000f1300000)
 ParOldGen       total 11264K, used 5540K [0x00000000d0c00000, 0x00000000d1700000, 0x00000000f0400000)
  object space 11264K, 49% used [0x00000000d0c00000,0x00000000d11691a0,0x00000000d1700000)
 Metaspace       used 7762K, capacity 8480K, committed 8704K, reserved 1056768K
  class space    used 943K, capacity 980K, committed 1024K, reserved 1048576K
}

